2018-10-05 10:18:18,691 INFO o.a.j.u.JMeterUtils: Setting Locale to en_EN
2018-10-05 10:18:18,719 INFO o.a.j.JMeter: Loading user properties from: /usr/local/Cellar/jmeter/5.0/libexec/bin/user.properties
2018-10-05 10:18:18,720 INFO o.a.j.JMeter: Loading system properties from: /usr/local/Cellar/jmeter/5.0/libexec/bin/system.properties
2018-10-05 10:18:18,727 INFO o.a.j.JMeter: Copyright (c) 1998-2018 The Apache Software Foundation
2018-10-05 10:18:18,727 INFO o.a.j.JMeter: Version 5.0 r1840935
2018-10-05 10:18:18,727 INFO o.a.j.JMeter: java.version=1.8.0_151
2018-10-05 10:18:18,727 INFO o.a.j.JMeter: java.vm.name=Java HotSpot(TM) 64-Bit Server VM
2018-10-05 10:18:18,727 INFO o.a.j.JMeter: os.name=Mac OS X
2018-10-05 10:18:18,727 INFO o.a.j.JMeter: os.arch=x86_64
2018-10-05 10:18:18,727 INFO o.a.j.JMeter: os.version=10.13.6
2018-10-05 10:18:18,727 INFO o.a.j.JMeter: file.encoding=UTF-8
2018-10-05 10:18:18,727 INFO o.a.j.JMeter: Max memory     =1073741824
2018-10-05 10:18:18,727 INFO o.a.j.JMeter: Available Processors =4
2018-10-05 10:18:18,733 INFO o.a.j.JMeter: Default Locale=English (EN)
2018-10-05 10:18:18,733 INFO o.a.j.JMeter: JMeter  Locale=English (EN)
2018-10-05 10:18:18,733 INFO o.a.j.JMeter: JMeterHome=/usr/local/Cellar/jmeter/5.0/libexec
2018-10-05 10:18:18,734 INFO o.a.j.JMeter: user.dir  =/Users/panja09/OneDrive - CA Technologies/Taurus
2018-10-05 10:18:18,734 INFO o.a.j.JMeter: PWD       =/Users/panja09/OneDrive - CA Technologies/Taurus
2018-10-05 10:18:18,736 INFO o.a.j.JMeter: IP: 10.137.163.51 Name: panja09mac131 FullName: panja09mac131.ca.com
2018-10-05 10:18:21,720 INFO o.a.j.g.a.LookAndFeelCommand: Installing Darcula LAF
2018-10-05 10:18:21,741 INFO o.a.j.g.a.LookAndFeelCommand: Using look and feel: com.bulenkov.darcula.DarculaLaf [Darcula]
2018-10-05 10:18:21,742 INFO o.a.j.JMeter: Setting LAF to: com.bulenkov.darcula.DarculaLaf
2018-10-05 10:18:21,840 INFO o.a.j.JMeter: Loaded icon properties from org/apache/jmeter/images/icon.properties
2018-10-05 10:18:22,627 INFO o.a.j.e.u.CompoundVariable: Note: Function class names must contain the string: '.functions.'
2018-10-05 10:18:22,627 INFO o.a.j.e.u.CompoundVariable: Note: Function class names must not contain the string: '.gui.'
2018-10-05 10:18:24,088 INFO k.a.j.JMeterPluginsUtils: JMeter-Plugins.org v.1.4.0
2018-10-05 10:18:24,680 WARN o.a.j.g.u.MenuFactory: Configuration error, probably corrupt or missing third party library(jar)? Could not create class: kg.apc.jmeter.reporters.LoadosophiaUploaderGui.
java.lang.NoClassDefFoundError: org/apache/commons/httpclient/methods/multipart/PartSource
	at kg.apc.jmeter.reporters.LoadosophiaUploaderGui.init(LoadosophiaUploaderGui.java:114) ~[JMeterPlugins-Standard.jar:?]
	at kg.apc.jmeter.reporters.LoadosophiaUploaderGui.<init>(LoadosophiaUploaderGui.java:28) ~[JMeterPlugins-Standard.jar:?]
	at sun.reflect.NativeConstructorAccessorImpl.newInstance0(Native Method) ~[?:1.8.0_151]
	at sun.reflect.NativeConstructorAccessorImpl.newInstance(NativeConstructorAccessorImpl.java:62) ~[?:1.8.0_151]
	at sun.reflect.DelegatingConstructorAccessorImpl.newInstance(DelegatingConstructorAccessorImpl.java:45) ~[?:1.8.0_151]
	at java.lang.reflect.Constructor.newInstance(Constructor.java:423) ~[?:1.8.0_151]
	at java.lang.Class.newInstance(Class.java:442) ~[?:1.8.0_151]
	at org.apache.jmeter.gui.util.MenuFactory.getGUIComponent(MenuFactory.java:174) ~[ApacheJMeter_core.jar:5.0 r1840935]
	at org.apache.jmeter.gui.util.MenuFactory.initializeMenus(MenuFactory.java:141) ~[ApacheJMeter_core.jar:5.0 r1840935]
	at org.apache.jmeter.gui.util.MenuFactory.<clinit>(MenuFactory.java:106) ~[ApacheJMeter_core.jar:5.0 r1840935]
	at org.apache.jmeter.control.gui.TestPlanGui.createPopupMenu(TestPlanGui.java:92) ~[ApacheJMeter_core.jar:5.0 r1840935]
	at org.apache.jmeter.gui.tree.JMeterTreeNode.createPopupMenu(JMeterTreeNode.java:184) ~[ApacheJMeter_core.jar:5.0 r1840935]
	at org.apache.jmeter.gui.action.EditCommand.doAction(EditCommand.java:46) ~[ApacheJMeter_core.jar:5.0 r1840935]
	at org.apache.jmeter.gui.action.ActionRouter.performAction(ActionRouter.java:88) ~[ApacheJMeter_core.jar:5.0 r1840935]
	at org.apache.jmeter.gui.action.ActionRouter.lambda$actionPerformed$0(ActionRouter.java:70) ~[ApacheJMeter_core.jar:5.0 r1840935]
	at java.awt.event.InvocationEvent.dispatch(InvocationEvent.java:311) [?:1.8.0_151]
	at java.awt.EventQueue.dispatchEventImpl(EventQueue.java:756) [?:1.8.0_151]
	at java.awt.EventQueue.access$500(EventQueue.java:97) [?:1.8.0_151]
	at java.awt.EventQueue$3.run(EventQueue.java:709) [?:1.8.0_151]
	at java.awt.EventQueue$3.run(EventQueue.java:703) [?:1.8.0_151]
	at java.security.AccessController.doPrivileged(Native Method) [?:1.8.0_151]
	at java.security.ProtectionDomain$JavaSecurityAccessImpl.doIntersectionPrivilege(ProtectionDomain.java:80) [?:1.8.0_151]
	at java.awt.EventQueue.dispatchEvent(EventQueue.java:726) [?:1.8.0_151]
	at java.awt.EventDispatchThread.pumpOneEventForFilters(EventDispatchThread.java:201) [?:1.8.0_151]
	at java.awt.EventDispatchThread.pumpEventsForFilter(EventDispatchThread.java:116) [?:1.8.0_151]
	at java.awt.EventDispatchThread.pumpEventsForHierarchy(EventDispatchThread.java:105) [?:1.8.0_151]
	at java.awt.EventDispatchThread.pumpEvents(EventDispatchThread.java:101) [?:1.8.0_151]
	at java.awt.EventDispatchThread.pumpEvents(EventDispatchThread.java:93) [?:1.8.0_151]
	at java.awt.EventDispatchThread.run(EventDispatchThread.java:82) [?:1.8.0_151]
Caused by: java.lang.ClassNotFoundException: org.apache.commons.httpclient.methods.multipart.PartSource
	at java.net.URLClassLoader.findClass(URLClassLoader.java:381) ~[?:1.8.0_151]
	at java.lang.ClassLoader.loadClass(ClassLoader.java:424) ~[?:1.8.0_151]
	at java.lang.ClassLoader.loadClass(ClassLoader.java:357) ~[?:1.8.0_151]
	... 29 more
2018-10-05 10:18:25,430 INFO o.a.j.p.h.s.HTTPSamplerBase: Parser for text/html is org.apache.jmeter.protocol.http.parser.LagartoBasedHtmlParser
2018-10-05 10:18:25,430 INFO o.a.j.p.h.s.HTTPSamplerBase: Parser for application/xhtml+xml is org.apache.jmeter.protocol.http.parser.LagartoBasedHtmlParser
2018-10-05 10:18:25,430 INFO o.a.j.p.h.s.HTTPSamplerBase: Parser for application/xml is org.apache.jmeter.protocol.http.parser.LagartoBasedHtmlParser
2018-10-05 10:18:25,430 INFO o.a.j.p.h.s.HTTPSamplerBase: Parser for text/xml is org.apache.jmeter.protocol.http.parser.LagartoBasedHtmlParser
2018-10-05 10:18:25,431 INFO o.a.j.p.h.s.HTTPSamplerBase: Parser for text/vnd.wap.wml is org.apache.jmeter.protocol.http.parser.RegexpHTMLParser
2018-10-05 10:18:25,431 INFO o.a.j.p.h.s.HTTPSamplerBase: Parser for text/css is org.apache.jmeter.protocol.http.parser.CssParser
2018-10-05 10:18:25,735 INFO o.a.j.e.KeyToolUtils: keytool found at 'keytool'
2018-10-05 10:18:25,735 INFO o.a.j.p.h.p.ProxyControl: HTTP(S) Test Script Recorder SSL Proxy will use keys that support embedded 3rd party resources in file /usr/local/Cellar/jmeter/5.0/libexec/bin/proxyserver.jks
2018-10-05 10:18:25,945 INFO o.a.j.s.FileServer: Default base='/Users/panja09/OneDrive - CA Technologies/Taurus'
2018-10-05 10:18:26,281 INFO o.a.j.s.SampleResult: Note: Sample TimeStamps are START times
2018-10-05 10:18:26,281 INFO o.a.j.s.SampleResult: sampleresult.default.encoding is set to ISO-8859-1
2018-10-05 10:18:26,281 INFO o.a.j.s.SampleResult: sampleresult.useNanoTime=true
2018-10-05 10:18:26,281 INFO o.a.j.s.SampleResult: sampleresult.nanoThreadSleep=5000
2018-10-05 10:18:38,114 INFO o.a.j.g.a.Load: Loading file: /Users/panja09/Downloads/ABP_PerformanceBM.jmx
2018-10-05 10:18:38,114 INFO o.a.j.s.FileServer: Set new base='/Users/panja09/Downloads'
2018-10-05 10:18:38,274 INFO o.a.j.s.SaveService: Testplan (JMX) version: 2.2. Testlog (JTL) version: 2.2
2018-10-05 10:18:38,295 INFO o.a.j.s.SaveService: Using SaveService properties file encoding UTF-8
2018-10-05 10:18:38,296 INFO o.a.j.s.SaveService: Using SaveService properties version 5.0
2018-10-05 10:18:38,302 INFO o.a.j.s.SaveService: Loading file: /Users/panja09/Downloads/ABP_PerformanceBM.jmx
2018-10-05 10:18:38,663 INFO o.a.j.s.FileServer: Set new base='/Users/panja09/Downloads'
2018-10-05 10:19:08,389 INFO o.a.j.g.a.Load: Loading file: /Users/panja09/Downloads/file_upload.jmx
2018-10-05 10:19:08,389 INFO o.a.j.s.FileServer: Set new base='/Users/panja09/Downloads'
2018-10-05 10:19:08,389 INFO o.a.j.s.SaveService: Loading file: /Users/panja09/Downloads/file_upload.jmx
2018-10-05 10:19:08,400 INFO o.a.j.p.h.c.CookieManager: Settings: Delete null: true Check: true Allow variable: true Save: false Prefix: COOKIE_
2018-10-05 10:19:08,402 INFO o.a.j.p.h.c.CacheManager: Will only cache the following methods: [GET]
2018-10-05 10:19:08,650 INFO o.a.j.s.FileServer: Set new base='/Users/panja09/Downloads'
2018-10-05 10:25:16,746 INFO o.a.j.e.StandardJMeterEngine: Running the test!
2018-10-05 10:25:16,747 INFO o.a.j.s.SampleEvent: List of sample_variables: []
2018-10-05 10:25:16,747 INFO o.a.j.s.SampleEvent: List of sample_variables: []
2018-10-05 10:25:16,754 INFO o.a.j.g.u.JMeterMenuBar: setRunning(true, *local*)
2018-10-05 10:25:16,970 INFO o.a.j.e.StandardJMeterEngine: Starting ThreadGroup: 1 : Thread Group
2018-10-05 10:25:16,971 INFO o.a.j.e.StandardJMeterEngine: Starting 1 threads for group Thread Group.
2018-10-05 10:25:16,971 INFO o.a.j.e.StandardJMeterEngine: Thread will continue on error
2018-10-05 10:25:16,971 INFO o.a.j.t.ThreadGroup: Starting thread group... number=1 threads=1 ramp-up=1 perThread=1000.0 delayedStart=false
2018-10-05 10:25:16,974 INFO o.a.j.t.ThreadGroup: Started thread group number 1
2018-10-05 10:25:16,974 INFO o.a.j.e.StandardJMeterEngine: All thread groups have been started
2018-10-05 10:25:16,981 INFO o.a.j.t.JMeterThread: Thread started: Thread Group 1-1
2018-10-05 10:25:17,858 INFO o.a.j.p.h.s.HTTPHCAbstractImpl: Local host = panja09mac131
2018-10-05 10:25:17,865 INFO o.a.j.p.h.s.HTTPHC4Impl: HTTP request retry count = 0
2018-10-05 10:25:18,089 INFO o.a.j.p.h.s.h.LazyLayeredConnectionSocketFactory: Setting up HTTPS TrustAll Socket Factory
2018-10-05 10:25:18,095 INFO o.a.j.u.JsseSSLManager: Using default SSL protocol: TLS
2018-10-05 10:25:18,095 INFO o.a.j.u.JsseSSLManager: SSL session context: per-thread
2018-10-05 10:25:18,425 INFO o.a.j.u.SSLManager: JmeterKeyStore Location:  type JKS
2018-10-05 10:25:18,426 INFO o.a.j.u.SSLManager: KeyStore created OK
2018-10-05 10:25:18,426 WARN o.a.j.u.SSLManager: Keystore file not found, loading empty keystore
2018-10-05 10:25:18,929 INFO o.a.j.t.JMeterThread: Thread is done: Thread Group 1-1
2018-10-05 10:25:18,929 INFO o.a.j.t.JMeterThread: Thread finished: Thread Group 1-1
2018-10-05 10:25:18,931 INFO o.a.j.e.StandardJMeterEngine: Notifying test listeners of end of test
2018-10-05 10:25:18,931 INFO o.a.j.g.u.JMeterMenuBar: setRunning(false, *local*)
2018-10-05 12:07:09,637 INFO o.a.j.g.a.Load: Loading file: /Users/panja09/Downloads/endNavigation.jmx
2018-10-05 12:07:09,638 INFO o.a.j.s.FileServer: Set new base='/Users/panja09/Downloads'
2018-10-05 12:07:09,638 INFO o.a.j.s.SaveService: Loading file: /Users/panja09/Downloads/endNavigation.jmx
2018-10-05 12:07:09,847 INFO o.a.j.s.FileServer: Set new base='/Users/panja09/Downloads'
2018-10-05 14:39:15,072 INFO o.a.j.g.a.Load: Loading file: /Users/panja09/Downloads/file_upload_test.jmx
2018-10-05 14:39:15,074 INFO o.a.j.s.FileServer: Set new base='/Users/panja09/Downloads'
2018-10-05 14:39:15,074 INFO o.a.j.s.SaveService: Loading file: /Users/panja09/Downloads/file_upload_test.jmx
2018-10-05 14:39:15,175 INFO o.a.j.s.FileServer: Set new base='/Users/panja09/Downloads'
2018-10-05 14:39:15,176 ERROR o.a.j.JMeter: Uncaught exception: 
java.lang.NullPointerException: null
	at javax.swing.plaf.basic.BasicTreeUI.getDropLineRect(BasicTreeUI.java:1328) ~[?:1.8.0_151]
	at javax.swing.plaf.basic.BasicTreeUI$Handler.repaintDropLocation(BasicTreeUI.java:3472) ~[?:1.8.0_151]
	at javax.swing.plaf.basic.BasicTreeUI$Handler.propertyChange(BasicTreeUI.java:3458) ~[?:1.8.0_151]
	at java.beans.PropertyChangeSupport.fire(PropertyChangeSupport.java:335) ~[?:1.8.0_151]
	at java.beans.PropertyChangeSupport.firePropertyChange(PropertyChangeSupport.java:327) ~[?:1.8.0_151]
	at java.beans.PropertyChangeSupport.firePropertyChange(PropertyChangeSupport.java:263) ~[?:1.8.0_151]
	at java.awt.Component.firePropertyChange(Component.java:8428) ~[?:1.8.0_151]
	at javax.swing.JTree.setDropLocation(JTree.java:1456) ~[?:1.8.0_151]
	at javax.swing.TransferHandler$DropHandler.setComponentDropLocation(TransferHandler.java:1452) ~[?:1.8.0_151]
	at javax.swing.TransferHandler$DropHandler.cleanup(TransferHandler.java:1570) ~[?:1.8.0_151]
	at javax.swing.TransferHandler$DropHandler.drop(TransferHandler.java:1550) ~[?:1.8.0_151]
	at java.awt.dnd.DropTarget.drop(DropTarget.java:455) ~[?:1.8.0_151]
	at javax.swing.TransferHandler$SwingDropTarget.drop(TransferHandler.java:1282) ~[?:1.8.0_151]
	at sun.awt.dnd.SunDropTargetContextPeer.processDropMessage(SunDropTargetContextPeer.java:538) ~[?:1.8.0_151]
	at sun.lwawt.macosx.CDropTargetContextPeer.processDropMessage(CDropTargetContextPeer.java:143) ~[?:1.8.0_151]
	at sun.awt.dnd.SunDropTargetContextPeer$EventDispatcher.dispatchDropEvent(SunDropTargetContextPeer.java:852) ~[?:1.8.0_151]
	at sun.awt.dnd.SunDropTargetContextPeer$EventDispatcher.dispatchEvent(SunDropTargetContextPeer.java:776) ~[?:1.8.0_151]
	at sun.awt.dnd.SunDropTargetEvent.dispatch(SunDropTargetEvent.java:48) ~[?:1.8.0_151]
	at java.awt.Component.dispatchEventImpl(Component.java:4744) ~[?:1.8.0_151]
	at java.awt.Container.dispatchEventImpl(Container.java:2294) ~[?:1.8.0_151]
	at java.awt.Component.dispatchEvent(Component.java:4711) ~[?:1.8.0_151]
	at java.awt.LightweightDispatcher.retargetMouseEvent(Container.java:4888) ~[?:1.8.0_151]
	at java.awt.LightweightDispatcher.processDropTargetEvent(Container.java:4599) ~[?:1.8.0_151]
	at java.awt.LightweightDispatcher.dispatchEvent(Container.java:4461) ~[?:1.8.0_151]
	at java.awt.Container.dispatchEventImpl(Container.java:2280) ~[?:1.8.0_151]
	at java.awt.Window.dispatchEventImpl(Window.java:2746) ~[?:1.8.0_151]
	at java.awt.Component.dispatchEvent(Component.java:4711) ~[?:1.8.0_151]
	at java.awt.EventQueue.dispatchEventImpl(EventQueue.java:758) ~[?:1.8.0_151]
	at java.awt.EventQueue.access$500(EventQueue.java:97) ~[?:1.8.0_151]
	at java.awt.EventQueue$3.run(EventQueue.java:709) ~[?:1.8.0_151]
	at java.awt.EventQueue$3.run(EventQueue.java:703) ~[?:1.8.0_151]
	at java.security.AccessController.doPrivileged(Native Method) ~[?:1.8.0_151]
	at java.security.ProtectionDomain$JavaSecurityAccessImpl.doIntersectionPrivilege(ProtectionDomain.java:80) ~[?:1.8.0_151]
	at java.security.ProtectionDomain$JavaSecurityAccessImpl.doIntersectionPrivilege(ProtectionDomain.java:90) ~[?:1.8.0_151]
	at java.awt.EventQueue$4.run(EventQueue.java:731) ~[?:1.8.0_151]
	at java.awt.EventQueue$4.run(EventQueue.java:729) ~[?:1.8.0_151]
	at java.security.AccessController.doPrivileged(Native Method) ~[?:1.8.0_151]
	at java.security.ProtectionDomain$JavaSecurityAccessImpl.doIntersectionPrivilege(ProtectionDomain.java:80) ~[?:1.8.0_151]
	at java.awt.EventQueue.dispatchEvent(EventQueue.java:728) ~[?:1.8.0_151]
	at java.awt.EventDispatchThread.pumpOneEventForFilters(EventDispatchThread.java:201) [?:1.8.0_151]
	at java.awt.EventDispatchThread.pumpEventsForFilter(EventDispatchThread.java:116) [?:1.8.0_151]
	at java.awt.EventDispatchThread.pumpEventsForHierarchy(EventDispatchThread.java:105) [?:1.8.0_151]
	at java.awt.EventDispatchThread.pumpEvents(EventDispatchThread.java:101) [?:1.8.0_151]
	at java.awt.EventDispatchThread.pumpEvents(EventDispatchThread.java:93) [?:1.8.0_151]
	at java.awt.EventDispatchThread.run(EventDispatchThread.java:82) [?:1.8.0_151]
2018-10-05 14:39:30,205 INFO o.a.j.e.StandardJMeterEngine: Running the test!
2018-10-05 14:39:30,205 INFO o.a.j.s.SampleEvent: List of sample_variables: []
2018-10-05 14:39:30,213 INFO o.a.j.g.u.JMeterMenuBar: setRunning(true, *local*)
2018-10-05 14:39:30,404 INFO o.a.j.e.StandardJMeterEngine: Starting ThreadGroup: 1 : Thread Group
2018-10-05 14:39:30,404 INFO o.a.j.e.StandardJMeterEngine: Starting 1 threads for group Thread Group.
2018-10-05 14:39:30,404 INFO o.a.j.e.StandardJMeterEngine: Thread will continue on error
2018-10-05 14:39:30,404 INFO o.a.j.t.ThreadGroup: Starting thread group... number=1 threads=1 ramp-up=1 perThread=1000.0 delayedStart=false
2018-10-05 14:39:30,407 INFO o.a.j.t.ThreadGroup: Started thread group number 1
2018-10-05 14:39:30,407 INFO o.a.j.e.StandardJMeterEngine: All thread groups have been started
2018-10-05 14:39:30,409 INFO o.a.j.t.JMeterThread: Thread started: Thread Group 1-1
2018-10-05 14:39:30,975 INFO o.a.j.p.h.p.BaseParser: Created org.apache.jmeter.protocol.http.parser.LagartoBasedHtmlParser
2018-10-05 14:39:31,046 INFO o.a.j.p.h.s.ResourcesDownloader: Creating ResourcesDownloader with keepalive_inseconds : 60
2018-10-05 14:39:31,348 INFO o.a.j.p.h.p.BaseParser: Created org.apache.jmeter.protocol.http.parser.CssParser
2018-10-05 14:39:31,348 INFO o.a.j.p.h.p.BaseParser: Created org.apache.jmeter.protocol.http.parser.CssParser
2018-10-05 14:39:31,998 INFO o.a.j.g.a.Start: Stopping test
2018-10-05 14:39:32,083 INFO o.a.j.t.JMeterThread: Stopping: Thread Group 1-1
2018-10-05 14:39:32,084 WARN o.a.j.t.JMeterThread: Interrupting: Thread Group 1-1 sampler: https://txqa.cms.radvcdat.com/login
2018-10-05 14:39:32,084 WARN o.a.j.t.JMeterThread: No operation pending
2018-10-05 14:39:32,084 WARN o.a.j.p.h.s.HTTPSamplerBase: Interrupted fetching embedded resources
java.lang.InterruptedException: null
	at java.util.concurrent.locks.AbstractQueuedSynchronizer$ConditionObject.reportInterruptAfterWait(AbstractQueuedSynchronizer.java:2014) ~[?:1.8.0_151]
	at java.util.concurrent.locks.AbstractQueuedSynchronizer$ConditionObject.await(AbstractQueuedSynchronizer.java:2048) ~[?:1.8.0_151]
	at java.util.concurrent.LinkedBlockingQueue.take(LinkedBlockingQueue.java:442) ~[?:1.8.0_151]
	at java.util.concurrent.ExecutorCompletionService.take(ExecutorCompletionService.java:193) ~[?:1.8.0_151]
	at org.apache.jmeter.protocol.http.sampler.ResourcesDownloader.invokeAllAndAwaitTermination(ResourcesDownloader.java:187) ~[ApacheJMeter_http.jar:5.0 r1840935]
	at org.apache.jmeter.protocol.http.sampler.HTTPSamplerBase.downloadPageResources(HTTPSamplerBase.java:1385) [ApacheJMeter_http.jar:5.0 r1840935]
	at org.apache.jmeter.protocol.http.sampler.HTTPSamplerBase.resultProcessing(HTTPSamplerBase.java:1699) [ApacheJMeter_http.jar:5.0 r1840935]
	at org.apache.jmeter.protocol.http.sampler.HTTPAbstractImpl.resultProcessing(HTTPAbstractImpl.java:547) [ApacheJMeter_http.jar:5.0 r1840935]
	at org.apache.jmeter.protocol.http.sampler.HTTPHC4Impl.sample(HTTPHC4Impl.java:649) [ApacheJMeter_http.jar:5.0 r1840935]
	at org.apache.jmeter.protocol.http.sampler.HTTPSamplerProxy.sample(HTTPSamplerProxy.java:67) [ApacheJMeter_http.jar:5.0 r1840935]
	at org.apache.jmeter.protocol.http.sampler.HTTPSamplerBase.sample(HTTPSamplerBase.java:1231) [ApacheJMeter_http.jar:5.0 r1840935]
	at org.apache.jmeter.protocol.http.sampler.HTTPSamplerBase.sample(HTTPSamplerBase.java:1220) [ApacheJMeter_http.jar:5.0 r1840935]
	at org.apache.jmeter.threads.JMeterThread.doSampling(JMeterThread.java:622) [ApacheJMeter_core.jar:5.0 r1840935]
	at org.apache.jmeter.threads.JMeterThread.executeSamplePackage(JMeterThread.java:546) [ApacheJMeter_core.jar:5.0 r1840935]
	at org.apache.jmeter.threads.JMeterThread.processSampler(JMeterThread.java:486) [ApacheJMeter_core.jar:5.0 r1840935]
	at org.apache.jmeter.threads.JMeterThread.run(JMeterThread.java:253) [ApacheJMeter_core.jar:5.0 r1840935]
	at java.lang.Thread.run(Thread.java:748) [?:1.8.0_151]
2018-10-05 14:39:32,086 INFO o.a.j.t.JMeterThread: Thread finished: Thread Group 1-1
2018-10-05 14:39:32,132 INFO o.a.j.e.StandardJMeterEngine: Notifying test listeners of end of test
2018-10-05 14:39:32,132 INFO o.a.j.g.u.JMeterMenuBar: setRunning(false, *local*)
2018-10-05 14:39:35,487 INFO o.a.j.e.StandardJMeterEngine: Running the test!
2018-10-05 14:39:35,488 INFO o.a.j.s.SampleEvent: List of sample_variables: []
2018-10-05 14:39:35,492 INFO o.a.j.g.u.JMeterMenuBar: setRunning(true, *local*)
2018-10-05 14:39:35,677 INFO o.a.j.e.StandardJMeterEngine: Starting ThreadGroup: 1 : Thread Group
2018-10-05 14:39:35,678 INFO o.a.j.e.StandardJMeterEngine: Starting 1 threads for group Thread Group.
2018-10-05 14:39:35,678 INFO o.a.j.e.StandardJMeterEngine: Thread will continue on error
2018-10-05 14:39:35,678 INFO o.a.j.t.ThreadGroup: Starting thread group... number=1 threads=1 ramp-up=1 perThread=1000.0 delayedStart=false
2018-10-05 14:39:35,681 INFO o.a.j.t.ThreadGroup: Started thread group number 1
2018-10-05 14:39:35,681 INFO o.a.j.e.StandardJMeterEngine: All thread groups have been started
2018-10-05 14:39:35,685 INFO o.a.j.t.JMeterThread: Thread started: Thread Group 1-1
2018-10-05 14:41:14,268 INFO o.a.j.s.FileServer: Stored: GoodPDFfile.pdf
2018-10-05 14:41:34,975 INFO o.a.j.t.JMeterThread: Thread is done: Thread Group 1-1
2018-10-05 14:41:34,975 INFO o.a.j.t.JMeterThread: Thread finished: Thread Group 1-1
2018-10-05 14:41:34,977 INFO o.a.j.e.StandardJMeterEngine: Notifying test listeners of end of test
2018-10-05 14:41:34,977 INFO o.a.j.g.u.JMeterMenuBar: setRunning(false, *local*)
