[2018-08-15 09:51:29,299 INFO root] Taurus CLI Tool v1.11.1
[2018-08-15 09:51:29,300 DEBUG root] Command-line options: {'verbose': None, 'no_system_configs': None, 'quiet': None, 'log': '/var/folders/v3/yp_zdc392qq1bxx6gs3_pvj9cgtsbx/T/bzt_K5qpOV.log', 'option': None, 'aliases': []}
[2018-08-15 09:51:29,300 DEBUG root] Python: CPython 2.7.15
[2018-08-15 09:51:29,300 DEBUG root] OS: ('Darwin', 'panja09mac131', '17.7.0', 'Darwin Kernel Version 17.7.0: Thu Jun 21 22:53:14 PDT 2018; root:xnu-4570.71.2~1/RELEASE_X86_64', 'x86_64', 'i386')
[2018-08-15 09:51:29,300 INFO root] Starting with configs: ['advanced_script.yml']
[2018-08-15 09:51:29,300 DEBUG root] Using personal config: /Users/panja09/.bzt-rc
[2018-08-15 09:51:29,300 INFO Engine] Configuring...
[2018-08-15 09:51:29,300 DEBUG Engine] No machine configs dir: /usr/local/Cellar/bzt/1.11.1/libexec/bin/../etc/bzt.d
[2018-08-15 09:51:29,301 DEBUG Engine] Base configs list: ['/usr/local/Cellar/bzt/1.11.1/libexec/lib/python2.7/site-packages/bzt/resources/base-config.yml']
[2018-08-15 09:51:29,301 DEBUG Engine.Configuration] Configs: ['/usr/local/Cellar/bzt/1.11.1/libexec/lib/python2.7/site-packages/bzt/resources/base-config.yml']
[2018-08-15 09:51:29,301 DEBUG Engine.Configuration] Reading /usr/local/Cellar/bzt/1.11.1/libexec/lib/python2.7/site-packages/bzt/resources/base-config.yml as YAML
[2018-08-15 09:51:29,323 DEBUG Engine] User configs list: ['/Users/panja09/.bzt-rc', 'advanced_script.yml']
[2018-08-15 09:51:29,323 DEBUG Engine.Configuration] Configs: ['/Users/panja09/.bzt-rc', 'advanced_script.yml']
[2018-08-15 09:51:29,324 DEBUG Engine.Configuration] Reading /Users/panja09/.bzt-rc as YAML
[2018-08-15 09:51:29,328 DEBUG Engine.Configuration] Reading advanced_script.yml as YAML
[2018-08-15 09:51:29,331 DEBUG Engine.Configuration] Configs: ['/Users/panja09/.bzt-rc', 'advanced_script.yml']
[2018-08-15 09:51:29,331 DEBUG Engine.Configuration] Reading /Users/panja09/.bzt-rc as YAML
[2018-08-15 09:51:29,334 DEBUG Engine.Configuration] Reading advanced_script.yml as YAML
[2018-08-15 09:51:29,345 DEBUG Engine] Requesting updates info: http://gettaurus.org/updates/?version=1.11.1&installID=macos-8c859025ba21
[2018-08-15 09:51:29,349 INFO Engine] Artifacts dir: /Users/panja09/OneDrive - CA Technologies/Taurus/2018-08-15_09-51-29.345720
[2018-08-15 09:51:29,349 DEBUG Engine] New artifact filename: /Users/panja09/OneDrive - CA Technologies/Taurus/2018-08-15_09-51-29.345720/effective
[2018-08-15 09:51:29,351 DEBUG Engine.Configuration] Dumping YAML config into /Users/panja09/OneDrive - CA Technologies/Taurus/2018-08-15_09-51-29.345720/effective.yml
[2018-08-15 09:51:29,367 DEBUG Engine.Configuration] Dumping JSON config into /Users/panja09/OneDrive - CA Technologies/Taurus/2018-08-15_09-51-29.345720/effective.json
[2018-08-15 09:51:29,368 DEBUG Engine] New artifact filename: /Users/panja09/OneDrive - CA Technologies/Taurus/2018-08-15_09-51-29.345720/merged.yml
[2018-08-15 09:51:29,369 DEBUG Engine.Configuration] Dumping YAML config into /Users/panja09/OneDrive - CA Technologies/Taurus/2018-08-15_09-51-29.345720/merged.yml
[2018-08-15 09:51:29,372 DEBUG Engine] New artifact filename: /Users/panja09/OneDrive - CA Technologies/Taurus/2018-08-15_09-51-29.345720/merged.json
[2018-08-15 09:51:29,373 DEBUG Engine.Configuration] Dumping JSON config into /Users/panja09/OneDrive - CA Technologies/Taurus/2018-08-15_09-51-29.345720/merged.json
[2018-08-15 09:51:29,373 DEBUG Engine] Add existing artifact (move=False): advanced_script.yml
[2018-08-15 09:51:29,373 DEBUG Engine] Copying advanced_script.yml to /Users/panja09/OneDrive - CA Technologies/Taurus/2018-08-15_09-51-29.345720/advanced_script.yml
[2018-08-15 09:51:29,374 DEBUG Engine.Environment] Replace 'TAURUS_ARTIFACTS_DIR' in environment
[2018-08-15 09:51:29,375 DEBUG root] Closing log handler: /var/folders/v3/yp_zdc392qq1bxx6gs3_pvj9cgtsbx/T/bzt_K5qpOV.log
[2018-08-15 09:51:29,400 DEBUG root] Switched writing logs to /Users/panja09/OneDrive - CA Technologies/Taurus/2018-08-15_09-51-29.345720/bzt.log
[2018-08-15 09:51:29,400 DEBUG root] Linting config
[2018-08-15 09:51:29,402 INFO Engine] Preparing...
[2018-08-15 09:51:29,403 DEBUG Engine] Module config: consolidator defaultdict(None, {'class': 'bzt.modules.aggregator.ConsolidatingAggregator'})
[2018-08-15 09:51:29,403 DEBUG root] Importing module: bzt.modules.aggregator
[2018-08-15 09:51:29,489 DEBUG root] Loading class: 'ConsolidatingAggregator' from <module 'bzt.modules.aggregator' from '/usr/local/Cellar/bzt/1.11.1/libexec/lib/python2.7/site-packages/bzt/modules/aggregator.pyc'>
[2018-08-15 09:51:29,489 DEBUG Engine.consolidator] Buffer scaling setup: percentile 95.0 from [0.0, 50.0, 90.0, 95.0, 99.0, 99.9, 100.0] selected
[2018-08-15 09:51:29,489 DEBUG Engine] Module config: monitoring defaultdict(None, {'class': 'bzt.modules.monitoring.Monitoring'})
[2018-08-15 09:51:29,489 DEBUG root] Importing module: bzt.modules.monitoring
[2018-08-15 09:51:29,490 DEBUG root] Loading class: 'Monitoring' from <module 'bzt.modules.monitoring' from '/usr/local/Cellar/bzt/1.11.1/libexec/lib/python2.7/site-packages/bzt/modules/monitoring.pyc'>
[2018-08-15 09:51:29,490 DEBUG Engine.monitoring] Should not run because of non-matching prov: cloud != local
[2018-08-15 09:51:29,490 DEBUG Engine] Module config: cloud defaultdict(None, {'account': 'DoubleOZero', 'default-location': 'us-central1-a', 'send-report-email': False, 'project': 'Test The Thing', 'workspace': 'DoubleOZero', 'class': 'bzt.modules.blazemeter.CloudProvisioning'})
[2018-08-15 09:51:29,491 DEBUG root] Importing module: bzt.modules.blazemeter
[2018-08-15 09:51:29,532 DEBUG easyprocess] version=0.2.3
[2018-08-15 09:51:29,533 DEBUG pyvirtualdisplay] version=0.2.1
[2018-08-15 09:51:29,534 DEBUG root] Loading class: 'CloudProvisioning' from <module 'bzt.modules.blazemeter' from '/usr/local/Cellar/bzt/1.11.1/libexec/lib/python2.7/site-packages/bzt/modules/blazemeter.pyc'>
[2018-08-15 09:51:29,534 DEBUG Engine] Module config: blazemeter defaultdict(None, {'token': '********', 'class': 'bzt.modules.blazemeter.BlazeMeterUploader'})
[2018-08-15 09:51:29,534 DEBUG root] Importing module: bzt.modules.blazemeter
[2018-08-15 09:51:29,534 DEBUG root] Loading class: 'BlazeMeterUploader' from <module 'bzt.modules.blazemeter' from '/usr/local/Cellar/bzt/1.11.1/libexec/lib/python2.7/site-packages/bzt/modules/blazemeter.pyc'>
[2018-08-15 09:51:29,535 DEBUG Engine.cloud] Request: GET https://a.blazemeter.com/api/v4/accounts None
[2018-08-15 09:51:29,538 DEBUG urllib3.connectionpool] Starting new HTTPS connection (1): a.blazemeter.com
[2018-08-15 09:51:29,846 DEBUG Engine] Taurus updates info: {"latest":"1.12.1","needsUpgrade":true}
[2018-08-15 09:51:29,846 WARNING Engine] There is newer version of Taurus 1.12.1 available, consider upgrading. What's new: http://gettaurus.org/docs/Changelog/
[2018-08-15 09:51:29,856 DEBUG urllib3.connectionpool] https://a.blazemeter.com:443 "GET /api/v4/accounts HTTP/1.1" 200 893
[2018-08-15 09:51:29,858 DEBUG Engine.cloud] Response [200]: {
    "limit": 10,
    "skip": 0,
    "total": 1,
    "hidden": 0,
    "api_version": 4,
    "error": null,
    "result": [
        {
            "id": 182891,
            "name": "DoubleOZero",
            "thumbnailUrl": "",
            "salesforceId": n
[2018-08-15 09:51:29,859 DEBUG Engine.cloud] Request: GET https://a.blazemeter.com/api/v4/workspaces?accountId=182891&enabled=true&limit=100 None
[2018-08-15 09:51:30,066 DEBUG urllib3.connectionpool] https://a.blazemeter.com:443 "GET /api/v4/workspaces?accountId=182891&enabled=true&limit=100 HTTP/1.1" 200 2846
[2018-08-15 09:51:30,067 DEBUG Engine.cloud] Response [200]: {
    "limit": 100,
    "skip": 0,
    "total": 4,
    "hidden": 0,
    "api_version": 4,
    "error": null,
    "result": [
        {
            "id": 202422,
            "name": "DoubleOZero",
            "userId": 399353,
            "created": 1520527
[2018-08-15 09:51:30,070 DEBUG Engine] Module config: jmeter defaultdict(None, {'properties': defaultdict(None, {'jmeter.save.saveservice.autoflush': 'true', 'jmeter.save.saveservice.connect_time': 'true', 'summariser.name': '', 'jmeterengine.force.system.exit': 'true'}), 'class': 'bzt.modules.jmeter.JMeterExecutor', 'plugins': ['jpgc-casutg', 'jpgc-dummy', 'jpgc-ffw', 'jpgc-fifo', 'jpgc-functions', 'jpgc-json', 'jpgc-perfmon', 'jpgc-prmctl', 'jpgc-tst']})
[2018-08-15 09:51:30,070 DEBUG root] Importing module: bzt.modules.jmeter
[2018-08-15 09:51:30,081 DEBUG root] Loading class: 'JMeterExecutor' from <module 'bzt.modules.jmeter' from '/usr/local/Cellar/bzt/1.11.1/libexec/lib/python2.7/site-packages/bzt/modules/jmeter.pyc'>
[2018-08-15 09:51:30,081 DEBUG Engine.cloud.ProjectFinder] Parsed test link: None
[2018-08-15 09:51:30,082 DEBUG Engine.cloud] Request: GET https://a.blazemeter.com/api/v4/accounts None
[2018-08-15 09:51:30,246 DEBUG urllib3.connectionpool] https://a.blazemeter.com:443 "GET /api/v4/accounts HTTP/1.1" 200 893
[2018-08-15 09:51:30,247 DEBUG Engine.cloud] Response [200]: {
    "limit": 10,
    "skip": 0,
    "total": 1,
    "hidden": 0,
    "api_version": 4,
    "error": null,
    "result": [
        {
            "id": 182891,
            "name": "DoubleOZero",
            "thumbnailUrl": "",
            "salesforceId": n
[2018-08-15 09:51:30,248 DEBUG Engine.cloud] Request: GET https://a.blazemeter.com/api/v4/workspaces?accountId=182891&enabled=true&limit=100 None
[2018-08-15 09:51:30,422 DEBUG urllib3.connectionpool] https://a.blazemeter.com:443 "GET /api/v4/workspaces?accountId=182891&enabled=true&limit=100 HTTP/1.1" 200 2846
[2018-08-15 09:51:30,423 DEBUG Engine.cloud] Response [200]: {
    "limit": 100,
    "skip": 0,
    "total": 4,
    "hidden": 0,
    "api_version": 4,
    "error": null,
    "result": [
        {
            "id": 202422,
            "name": "DoubleOZero",
            "userId": 399353,
            "created": 1520527
[2018-08-15 09:51:30,424 DEBUG Engine.cloud] Request: GET https://a.blazemeter.com/api/v4/projects?workspaceId=202422&name=Test+The+Thing None
[2018-08-15 09:51:30,583 DEBUG urllib3.connectionpool] https://a.blazemeter.com:443 "GET /api/v4/projects?workspaceId=202422&name=Test+The+Thing HTTP/1.1" 200 411
[2018-08-15 09:51:30,584 DEBUG Engine.cloud] Response [200]: {
    "limit": 10,
    "skip": 0,
    "total": 1,
    "hidden": 0,
    "api_version": 4,
    "error": null,
    "result": [
        {
            "id": 260977,
            "name": "Test The Thing",
            "userId": 399353,
            "description": n
[2018-08-15 09:51:30,585 DEBUG Engine.cloud] Request: GET https://a.blazemeter.com/api/v4/multi-tests?projectId=260977&name=Taurus+Cloud+Test None
[2018-08-15 09:51:30,750 DEBUG urllib3.connectionpool] https://a.blazemeter.com:443 "GET /api/v4/multi-tests?projectId=260977&name=Taurus+Cloud+Test HTTP/1.1" 200 126
[2018-08-15 09:51:30,751 DEBUG Engine.cloud] Response [200]: {
    "limit": 10,
    "skip": 0,
    "total": 0,
    "hidden": 0,
    "api_version": 4,
    "error": null,
    "result": []
}
[2018-08-15 09:51:30,752 DEBUG Engine.cloud] Request: GET https://a.blazemeter.com/api/v4/tests?projectId=260977&name=Taurus+Cloud+Test None
[2018-08-15 09:51:30,924 DEBUG urllib3.connectionpool] https://a.blazemeter.com:443 "GET /api/v4/tests?projectId=260977&name=Taurus+Cloud+Test HTTP/1.1" 200 1446
[2018-08-15 09:51:30,925 DEBUG Engine.cloud] Response [200]: {
    "limit": 10,
    "skip": 0,
    "total": 1,
    "hidden": 0,
    "api_version": 4,
    "error": null,
    "result": [
        {
            "id": 6255411,
            "name": "Taurus Cloud Test",
            "isNewTest": true,
            "userId": 3
[2018-08-15 09:51:30,926 DEBUG Engine.cloud.ProjectFinder] Detected test type: standard
[2018-08-15 09:51:30,927 DEBUG Engine.cloud] Request: GET https://a.blazemeter.com/api/v4/workspaces/202422 None
[2018-08-15 09:51:31,150 DEBUG urllib3.connectionpool] https://a.blazemeter.com:443 "GET /api/v4/workspaces/202422 HTTP/1.1" 200 None
[2018-08-15 09:51:31,197 DEBUG Engine.cloud] Response [200]: {
    "api_version": 4,
    "error": null,
    "result": {
        "id": 202422,
        "name": "DoubleOZero",
        "userId": 399353,
        "created": 1520527506,
        "updated": 1520527506,
        "enabled": true,
        "dedicatedIpsEnabled": 
[2018-08-15 09:51:31,215 DEBUG Engine.cloud] All resource files are: ['stuff.csv']
[2018-08-15 09:51:31,215 DEBUG Engine.cloud] Replace file names in config: ['stuff.csv'] with ['stuff.csv']
[2018-08-15 09:51:31,216 DEBUG Engine] New artifact filename: /Users/panja09/OneDrive - CA Technologies/Taurus/2018-08-15_09-51-29.345720/cloud
[2018-08-15 09:51:31,216 DEBUG root] Dumping YAML config into /Users/panja09/OneDrive - CA Technologies/Taurus/2018-08-15_09-51-29.345720/cloud.yml
[2018-08-15 09:51:31,221 DEBUG root] Dumping JSON config into /Users/panja09/OneDrive - CA Technologies/Taurus/2018-08-15_09-51-29.345720/cloud.json
[2018-08-15 09:51:31,221 DEBUG Engine.cloud] Request: GET https://a.blazemeter.com/api/v4/web/elfinder/6255411?cmd=open&target=s1_Lw None
[2018-08-15 09:51:31,557 DEBUG urllib3.connectionpool] https://a.blazemeter.com:443 "GET /api/v4/web/elfinder/6255411?cmd=open&target=s1_Lw HTTP/1.1" 200 1642
[2018-08-15 09:51:31,559 DEBUG Engine.cloud] Response [200]: {"cwd":{"name":"data","size":0,"mime":"directory","read":1,"write":1,"parent_id":"users","hash":"s1_Lw","rootRev":"","options":{"path":"","url":"","tmbUrl":"","disabled":["mkdir","archive","zipdl","extract","chmod"],"separator":"\/","copyOverwrite":1,"uplo
[2018-08-15 09:51:31,560 DEBUG Engine.cloud] Test files: [u'WelcomePage.jmx', u'taurus.yml']
[2018-08-15 09:51:31,560 DEBUG Engine.cloud] Request: GET https://a.blazemeter.com/api/v4/web/elfinder/6255411?cmd=rm&targets[]=s1_V2VsY29tZVBhZ2Uuam14&targets[]=s1_dGF1cnVzLnltbA None
[2018-08-15 09:51:32,601 DEBUG urllib3.connectionpool] https://a.blazemeter.com:443 "GET /api/v4/web/elfinder/6255411?cmd=rm&targets[]=s1_V2VsY29tZVBhZ2Uuam14&targets[]=s1_dGF1cnVzLnltbA HTTP/1.1" 200 800
[2018-08-15 09:51:32,603 DEBUG Engine.cloud] Response [200]: {"removed":["s1_V2VsY29tZVBhZ2Uuam14","s1_dGF1cnVzLnltbA"],"changed":[{"name":"data","size":0,"mime":"directory","read":1,"write":1,"parent_id":"users","hash":"s1_Lw","rootRev":"","options":{"path":"","url":"","tmbUrl":"","disabled":["mkdir","archive","zip
[2018-08-15 09:51:32,603 DEBUG Engine.cloud] Successfully deleted 2 test files
[2018-08-15 09:51:32,613 DEBUG Engine.cloud] Uploading files into the test: ['/Users/panja09/OneDrive - CA Technologies/Taurus/stuff.csv']
[2018-08-15 09:51:32,624 DEBUG Engine.cloud] Request: POST https://a.blazemeter.com/api/v4/tests/6255411/files --===============9189552736722259194==
Content-Disposition: file; name="script"; filename="taurus.yml"
Content-Type: application/octet-stream

---
execution:
- concurrency: 30
  executor: jmeter
  hold-for: 1m
  locations:
    us-east-1: 1
  ramp-up: 6
[2018-08-15 09:51:32,991 DEBUG urllib3.connectionpool] https://a.blazemeter.com:443 "POST /api/v4/tests/6255411/files HTTP/1.1" 201 1109
[2018-08-15 09:51:32,992 DEBUG Engine.cloud] Response [201]: {
    "api_version": 4,
    "error": null,
    "result": {
        "id": 6255411,
        "isNewTest": true,
        "lastRunTime": 1534279962,
        "name": "Taurus Cloud Test",
        "userId": 399353,
        "creatorClientId": "Taurus",
        "ove
[2018-08-15 09:51:32,993 DEBUG Engine.cloud] Request: PATCH https://a.blazemeter.com/api/v4/tests/6255411 {
 "configuration": {
  "executionType": null
 }
}
[2018-08-15 09:51:33,262 DEBUG urllib3.connectionpool] https://a.blazemeter.com:443 "PATCH /api/v4/tests/6255411 HTTP/1.1" 200 1635
[2018-08-15 09:51:33,263 DEBUG Engine.cloud] Response [200]: {
    "api_version": 4,
    "error": null,
    "result": {
        "id": 6255411,
        "isNewTest": true,
        "lastRunTime": 1534279962,
        "name": "Taurus Cloud Test",
        "userId": 399353,
        "creatorClientId": "Taurus",
        "ove
[2018-08-15 09:51:33,264 DEBUG Engine.cloud] Request: PATCH https://a.blazemeter.com/api/v4/tests/6255411 {
 "configuration": {
  "plugins": {
   "reportEmail": {
    "enabled": false
   }
  }
 }
}
[2018-08-15 09:51:33,525 DEBUG urllib3.connectionpool] https://a.blazemeter.com:443 "PATCH /api/v4/tests/6255411 HTTP/1.1" 200 1635
[2018-08-15 09:51:33,526 DEBUG Engine.cloud] Response [200]: {
    "api_version": 4,
    "error": null,
    "result": {
        "id": 6255411,
        "isNewTest": true,
        "lastRunTime": 1534279962,
        "name": "Taurus Cloud Test",
        "userId": 399353,
        "creatorClientId": "Taurus",
        "ove
[2018-08-15 09:51:33,527 DEBUG Engine] Module config: final-stats defaultdict(None, {'class': 'bzt.modules.reporting.FinalStatus'})
[2018-08-15 09:51:33,527 DEBUG root] Importing module: bzt.modules.reporting
[2018-08-15 09:51:33,530 DEBUG root] Loading class: 'FinalStatus' from <module 'bzt.modules.reporting' from '/usr/local/Cellar/bzt/1.11.1/libexec/lib/python2.7/site-packages/bzt/modules/reporting.pyc'>
[2018-08-15 09:51:33,530 DEBUG Engine] Module config: console defaultdict(None, {'class': 'bzt.modules.console.ConsoleStatusReporter'})
[2018-08-15 09:51:33,531 DEBUG root] Importing module: bzt.modules.console
[2018-08-15 09:51:33,531 DEBUG root] Loading class: 'ConsoleStatusReporter' from <module 'bzt.modules.console' from '/usr/local/Cellar/bzt/1.11.1/libexec/lib/python2.7/site-packages/bzt/modules/console.pyc'>
[2018-08-15 09:51:33,540 DEBUG Engine.Configuration] Dumping YAML config into /Users/panja09/OneDrive - CA Technologies/Taurus/2018-08-15_09-51-29.345720/effective.yml
[2018-08-15 09:51:33,560 DEBUG Engine.Configuration] Dumping JSON config into /Users/panja09/OneDrive - CA Technologies/Taurus/2018-08-15_09-51-29.345720/effective.json
[2018-08-15 09:51:33,561 INFO Engine] Starting...
[2018-08-15 09:51:33,561 DEBUG Engine] Startup <bzt.modules.aggregator.ConsolidatingAggregator object at 0x10da48590>
[2018-08-15 09:51:33,562 DEBUG Engine] Startup <bzt.modules.reporting.FinalStatus object at 0x10ed9b410>
[2018-08-15 09:51:33,562 DEBUG Engine] Startup <bzt.modules.console.ConsoleStatusReporter object at 0x10ed9be50>
[2018-08-15 09:51:33,562 INFO Engine.console] Waiting for results...
[2018-08-15 09:51:33,562 DEBUG Engine] Startup <bzt.modules.blazemeter.CloudProvisioning object at 0x10da17090>
[2018-08-15 09:51:33,562 INFO Engine.cloud.ProjectFinder.CloudTaurusTest] Initiating cloud test with https://a.blazemeter.com ...
[2018-08-15 09:51:33,562 DEBUG Engine.cloud] Request: POST https://a.blazemeter.com/api/v4/tests/6255411/start None
[2018-08-15 09:51:37,414 DEBUG urllib3.connectionpool] https://a.blazemeter.com:443 "POST /api/v4/tests/6255411/start HTTP/1.1" 202 1218
[2018-08-15 09:51:37,416 DEBUG Engine.cloud] Response [202]: {
    "api_version": 4,
    "error": null,
    "result": {
        "id": 18087675,
        "name": "Taurus Cloud Test",
        "userId": 399353,
        "runnerUserId": 399353,
        "parallelTestsInWorkspace": 1,
        "parallelTestsInAccount": 1,
  
[2018-08-15 09:51:37,417 INFO Engine.cloud] Started cloud test: https://a.blazemeter.com/app/#/masters/18087675
[2018-08-15 09:51:37,543 DEBUG Engine.Configuration] Dumping YAML config into /Users/panja09/OneDrive - CA Technologies/Taurus/2018-08-15_09-51-29.345720/effective.yml
[2018-08-15 09:51:37,707 DEBUG Engine.Configuration] Dumping JSON config into /Users/panja09/OneDrive - CA Technologies/Taurus/2018-08-15_09-51-29.345720/effective.json
[2018-08-15 09:51:37,708 DEBUG root] Leveling down log file verbosity, use -v option to have DEBUG messages enabled
[2018-08-15 09:51:37,904 INFO Engine.cloud] Cloud test status: CREATE
[2018-08-15 09:51:38,180 INFO Engine.console] Waiting for finish...
[2018-08-15 09:51:42,885 INFO Engine.cloud] Cloud test status: BOOT_STARTING
[2018-08-15 09:52:53,105 INFO Engine.cloud] Cloud test status: TAURUS_ENGINE_READY
[2018-08-15 09:53:13,122 INFO Engine.cloud] Cloud test status: DATA_RECEIVED
[2018-08-15 09:54:58,407 INFO Engine.cloud] Cloud test status: FINALIZING
[2018-08-15 09:54:58,414 INFO Engine.cloud] Test was stopped in the cloud: FINALIZING
[2018-08-15 09:54:59,310 WARNING Engine] Please wait for graceful shutdown...
[2018-08-15 09:54:59,316 DEBUG root] Leveled up log file verbosity
[2018-08-15 09:54:59,316 INFO Engine] Shutting down...
[2018-08-15 09:54:59,322 DEBUG Engine] Current stop reason: None
[2018-08-15 09:54:59,322 DEBUG Engine.console] Restoring logging streams, [<logging.StreamHandler object at 0x10d9fb6d0>]/{<logging.StreamHandler object at 0x10d9fb6d0>: <open file '<stdout>', mode 'w' at 0x10c3f1150>}
[2018-08-15 09:54:59,325 DEBUG Engine.Configuration] Dumping YAML config into /Users/panja09/OneDrive - CA Technologies/Taurus/2018-08-15_09-51-29.345720/effective.yml
[2018-08-15 09:54:59,344 DEBUG Engine.Configuration] Dumping JSON config into /Users/panja09/OneDrive - CA Technologies/Taurus/2018-08-15_09-51-29.345720/effective.json
[2018-08-15 09:54:59,345 INFO Engine] Post-processing...
[2018-08-15 09:54:59,345 DEBUG Engine.cloud] Request: GET https://a.blazemeter.com/api/v4/masters/18087675/full None
[2018-08-15 09:54:59,518 DEBUG urllib3.connectionpool] https://a.blazemeter.com:443 "GET /api/v4/masters/18087675/full HTTP/1.1" 200 4992
[2018-08-15 09:54:59,519 DEBUG Engine.cloud] Response [200]: {
    "api_version": 4,
    "error": null,
    "result": {
        "id": 18087675,
        "name": "Advanced Script",
        "userId": 399353,
        "runnerUserId": 399353,
        "created": 1534344703,
        "updated": 1534344856,
        "parallelT
[2018-08-15 09:54:59,519 DEBUG Engine.cloud] Request: GET https://a.blazemeter.com/api/v4/data/labels?master_id=18087675 None
[2018-08-15 09:54:59,700 DEBUG urllib3.connectionpool] https://a.blazemeter.com:443 "GET /api/v4/data/labels?master_id=18087675 HTTP/1.1" 200 563
[2018-08-15 09:54:59,700 DEBUG Engine.cloud] Response [200]: {
    "api_version": 4,
    "error": null,
    "result": [
        {
            "id": "ALL",
            "name": "ALL",
            "sessions": [
                "r-v4-5b743e0004fdd"
            ]
        },
        {
            "id": "Register",
       
[2018-08-15 09:54:59,700 DEBUG Engine.cloud] Request: GET https://a.blazemeter.com/api/v4/data/kpis?interval=1&from=1534344897&master_ids%5B%5D=18087675&kpis%5B%5D=t&kpis%5B%5D=lt&kpis%5B%5D=by&kpis%5B%5D=n&kpis%5B%5D=ec&kpis%5B%5D=ts&kpis%5B%5D=na&labels%5B%5D=ALL&labels%5B%5D=Register&labels%5B%5D=02c795eb3dbabd7d6d13003efeb01507 None
[2018-08-15 09:54:59,891 DEBUG urllib3.connectionpool] https://a.blazemeter.com:443 "GET /api/v4/data/kpis?interval=1&from=1534344897&master_ids%5B%5D=18087675&kpis%5B%5D=t&kpis%5B%5D=lt&kpis%5B%5D=by&kpis%5B%5D=n&kpis%5B%5D=ec&kpis%5B%5D=ts&kpis%5B%5D=na&labels%5B%5D=ALL&labels%5B%5D=Register&labels%5B%5D=02c795eb3dbabd7d6d13003efeb01507 HTTP/1.1" 200 4702
[2018-08-15 09:54:59,892 DEBUG Engine.cloud] Response [200]: {
    "api_version": 4,
    "error": null,
    "result": [
        {
            "labelId": "02c795eb3dbabd7d6d13003efeb01507",
            "labelName": "Welcome Page",
            "label": "Welcome Page",
            "kpis": [
                {
          
[2018-08-15 09:54:59,893 DEBUG Engine.cloud] Request: GET https://a.blazemeter.com/api/v4/masters/18087675/reports/aggregatereport/data None
[2018-08-15 09:55:00,073 DEBUG urllib3.connectionpool] https://a.blazemeter.com:443 "GET /api/v4/masters/18087675/reports/aggregatereport/data HTTP/1.1" 200 2100
[2018-08-15 09:55:00,074 DEBUG Engine.cloud] Response [200]: {
    "api_version": 4,
    "error": null,
    "result": [
        {
            "labelId": "ALL",
            "labelName": "ALL",
            "samples": 5019,
            "avgResponseTime": 393.55,
            "90line": 537,
            "95line": 557,
   
[2018-08-15 09:55:00,075 DEBUG Engine.cloud] Request: GET https://a.blazemeter.com/api/v4/masters/18087675/reports/errorsreport/data?noDataError=false None
[2018-08-15 09:55:00,285 DEBUG urllib3.connectionpool] https://a.blazemeter.com:443 "GET /api/v4/masters/18087675/reports/errorsreport/data?noDataError=false HTTP/1.1" 200 61
[2018-08-15 09:55:00,285 DEBUG Engine.cloud] Response [200]: {
    "api_version": 4,
    "error": null,
    "result": []
}
[2018-08-15 09:55:00,288 DEBUG Engine.consolidator] Consolidator buffer[6]: [1534344895, 1534344896, 1534344897, 1534344898, 1534344899, 1534344900]
[2018-08-15 09:55:00,288 DEBUG Engine.consolidator] Merging into 1534344895
[2018-08-15 09:55:00,288 DEBUG Engine.consolidator] Merging 1534344895
[2018-08-15 09:55:00,291 DEBUG Engine.consolidator] Processed datapoint: 1534344895/None
[2018-08-15 09:55:00,291 DEBUG Engine.consolidator] Merging into 1534344896
[2018-08-15 09:55:00,291 DEBUG Engine.consolidator] Merging 1534344896
[2018-08-15 09:55:00,293 DEBUG Engine.consolidator] Processed datapoint: 1534344896/None
[2018-08-15 09:55:00,293 DEBUG Engine.consolidator] Merging into 1534344897
[2018-08-15 09:55:00,293 DEBUG Engine.consolidator] Merging 1534344897
[2018-08-15 09:55:00,295 DEBUG Engine.consolidator] Processed datapoint: 1534344897/None
[2018-08-15 09:55:00,296 DEBUG Engine.consolidator] Merging into 1534344898
[2018-08-15 09:55:00,296 DEBUG Engine.consolidator] Merging 1534344898
[2018-08-15 09:55:00,297 DEBUG Engine.consolidator] Processed datapoint: 1534344898/None
[2018-08-15 09:55:00,297 DEBUG Engine.consolidator] Merging into 1534344899
[2018-08-15 09:55:00,297 DEBUG Engine.consolidator] Merging 1534344899
[2018-08-15 09:55:00,299 DEBUG Engine.consolidator] Processed datapoint: 1534344899/None
[2018-08-15 09:55:00,299 DEBUG Engine.consolidator] Merging into 1534344900
[2018-08-15 09:55:00,299 DEBUG Engine.consolidator] Merging 1534344900
[2018-08-15 09:55:00,301 DEBUG Engine.consolidator] Processed datapoint: 1534344900/None
[2018-08-15 09:55:00,301 INFO Engine.final-stats] Test duration: 0:03:26
[2018-08-15 09:55:00,301 INFO Engine.final-stats] Samples count: 6886, 0.00% failures
[2018-08-15 09:55:00,302 INFO Engine.final-stats] Average times: total 0.391, latency 0.097, connect 0.000
[2018-08-15 09:55:00,302 INFO Engine.final-stats] Percentile 90.0%: 0.629
[2018-08-15 09:55:00,302 INFO Engine.final-stats] Percentile 95.0%: 0.639
[2018-08-15 09:55:00,302 INFO Engine.final-stats] Percentile 99.0%: 1.198
[2018-08-15 09:55:00,302 DEBUG Engine.console] No logger_handler or orig_stream was detected
[2018-08-15 09:55:00,304 DEBUG Engine.Configuration] Dumping YAML config into /Users/panja09/OneDrive - CA Technologies/Taurus/2018-08-15_09-51-29.345720/effective.yml
[2018-08-15 09:55:00,324 DEBUG Engine.Configuration] Dumping JSON config into /Users/panja09/OneDrive - CA Technologies/Taurus/2018-08-15_09-51-29.345720/effective.json
[2018-08-15 09:55:00,325 INFO root] Artifacts dir: /Users/panja09/OneDrive - CA Technologies/Taurus/2018-08-15_09-51-29.345720
[2018-08-15 09:55:00,325 INFO root] Done performing with code: 0
[2018-08-15 09:55:00,325 DEBUG root] Closing log handler: /Users/panja09/OneDrive - CA Technologies/Taurus/2018-08-15_09-51-29.345720/bzt.log
