2018-08-14 15:32:08,925 INFO o.a.j.u.JMeterUtils: Setting Locale to en_US
2018-08-14 15:32:08,958 INFO o.a.j.JMeter: Loading user properties from: /Users/panja09/.bzt/jmeter-taurus/4.0/bin/user.properties
2018-08-14 15:32:08,958 INFO o.a.j.JMeter: Loading system properties from: /Users/panja09/.bzt/jmeter-taurus/4.0/bin/system.properties
2018-08-14 15:32:08,959 INFO o.a.j.JMeter: Setting System properties from file: /Users/panja09/OneDrive - CA Technologies/Taurus/2018-08-14_15-31-56.123894/system.properties
2018-08-14 15:32:08,965 INFO o.a.j.JMeter: Copyright (c) 1998-2018 The Apache Software Foundation
2018-08-14 15:32:08,965 INFO o.a.j.JMeter: Version 4.0 r1823414
2018-08-14 15:32:08,965 INFO o.a.j.JMeter: java.version=1.8.0_151
2018-08-14 15:32:08,965 INFO o.a.j.JMeter: java.vm.name=Java HotSpot(TM) 64-Bit Server VM
2018-08-14 15:32:08,966 INFO o.a.j.JMeter: os.name=Mac OS X
2018-08-14 15:32:08,966 INFO o.a.j.JMeter: os.arch=x86_64
2018-08-14 15:32:08,966 INFO o.a.j.JMeter: os.version=10.13.6
2018-08-14 15:32:08,966 INFO o.a.j.JMeter: file.encoding=UTF-8
2018-08-14 15:32:08,966 INFO o.a.j.JMeter: Max memory     =3817865216
2018-08-14 15:32:08,966 INFO o.a.j.JMeter: Available Processors =4
2018-08-14 15:32:08,970 INFO o.a.j.JMeter: Default Locale=English (United States)
2018-08-14 15:32:08,971 INFO o.a.j.JMeter: JMeter  Locale=English (United States)
2018-08-14 15:32:08,971 INFO o.a.j.JMeter: JMeterHome=/Users/panja09/.bzt/jmeter-taurus/4.0
2018-08-14 15:32:08,971 INFO o.a.j.JMeter: user.dir  =/Users/panja09/OneDrive - CA Technologies/Taurus
2018-08-14 15:32:08,971 INFO o.a.j.JMeter: PWD       =/Users/panja09/OneDrive - CA Technologies/Taurus
2018-08-14 15:32:08,973 INFO o.a.j.JMeter: IP: 138.42.164.151 Name: panja09mac131 FullName: panja09mac131.ca.com
2018-08-14 15:32:08,973 INFO o.a.j.JMeter: user.classpath=/Users/panja09/OneDrive - CA Technologies/Taurus/2018-08-14_15-31-56.123894:/Users/panja09/OneDrive - CA Technologies/Taurus/2018-08-14_15-31-56.123894
2018-08-14 15:32:08,974 INFO o.a.j.JMeter: Adding to classpath and loader: /Users/panja09/OneDrive - CA Technologies/Taurus/2018-08-14_15-31-56.123894
2018-08-14 15:32:08,975 INFO o.a.j.JMeter: Adding to classpath and loader: /Users/panja09/OneDrive - CA Technologies/Taurus/2018-08-14_15-31-56.123894
2018-08-14 15:32:08,978 INFO o.a.j.s.FileServer: Default base='/Users/panja09/OneDrive - CA Technologies/Taurus'
2018-08-14 15:32:08,983 INFO o.a.j.s.FileServer: Set new base='/Users/panja09/OneDrive - CA Technologies/Taurus/2018-08-14_15-31-56.123894'
2018-08-14 15:32:09,194 INFO o.a.j.s.SaveService: Testplan (JMX) version: 2.2. Testlog (JTL) version: 2.2
2018-08-14 15:32:09,211 INFO o.a.j.s.SaveService: Using SaveService properties file encoding UTF-8
2018-08-14 15:32:09,216 INFO o.a.j.s.SaveService: Using SaveService properties version 4.0
2018-08-14 15:32:09,222 INFO o.a.j.s.SaveService: Loading file: /Users/panja09/OneDrive - CA Technologies/Taurus/2018-08-14_15-31-56.123894/modified_requests.jmx
2018-08-14 15:32:09,298 INFO o.a.j.p.h.c.CacheManager: Will only cache the following methods: [GET]
2018-08-14 15:32:09,300 INFO o.a.j.p.h.c.CookieManager: Settings: Delete null: true Check: true Allow variable: true Save: false Prefix: COOKIE_
2018-08-14 15:32:09,315 INFO o.a.j.p.h.s.HTTPSamplerBase: Parser for text/html is org.apache.jmeter.protocol.http.parser.LagartoBasedHtmlParser
2018-08-14 15:32:09,315 INFO o.a.j.p.h.s.HTTPSamplerBase: Parser for application/xhtml+xml is org.apache.jmeter.protocol.http.parser.LagartoBasedHtmlParser
2018-08-14 15:32:09,315 INFO o.a.j.p.h.s.HTTPSamplerBase: Parser for application/xml is org.apache.jmeter.protocol.http.parser.LagartoBasedHtmlParser
2018-08-14 15:32:09,315 INFO o.a.j.p.h.s.HTTPSamplerBase: Parser for text/xml is org.apache.jmeter.protocol.http.parser.LagartoBasedHtmlParser
2018-08-14 15:32:09,315 INFO o.a.j.p.h.s.HTTPSamplerBase: Parser for text/vnd.wap.wml is org.apache.jmeter.protocol.http.parser.RegexpHTMLParser
2018-08-14 15:32:09,315 INFO o.a.j.p.h.s.HTTPSamplerBase: Parser for text/css is org.apache.jmeter.protocol.http.parser.CssParser
2018-08-14 15:32:09,338 INFO o.a.j.e.StandardJMeterEngine: Running the test!
2018-08-14 15:32:09,338 INFO o.a.j.s.SampleEvent: List of sample_variables: []
2018-08-14 15:32:09,339 INFO o.a.j.s.SampleEvent: List of sample_variables: []
2018-08-14 15:32:09,344 INFO o.a.j.e.u.CompoundVariable: Note: Function class names must contain the string: '.functions.'
2018-08-14 15:32:09,344 INFO o.a.j.e.u.CompoundVariable: Note: Function class names must not contain the string: '.gui.'
2018-08-14 15:32:09,930 INFO o.a.j.JMeter: Running test (1534278729930)
2018-08-14 15:32:09,977 INFO o.a.j.e.StandardJMeterEngine: Starting ThreadGroup: 1 : basic-script
2018-08-14 15:32:09,978 INFO o.a.j.e.StandardJMeterEngine: Starting 20 threads for group basic-script.
2018-08-14 15:32:09,978 INFO o.a.j.e.StandardJMeterEngine: Thread will continue on error
2018-08-14 15:32:09,981 INFO o.a.j.e.StandardJMeterEngine: All thread groups have been started
2018-08-14 15:32:09,982 INFO c.b.j.t.c.ConcurrencyThreadStarter: Start supplying threads
2018-08-14 15:32:11,486 INFO o.a.j.s.SampleResult: Note: Sample TimeStamps are START times
2018-08-14 15:32:11,486 INFO o.a.j.t.JMeterThread: Thread started: basic-script 1-1
2018-08-14 15:32:11,486 INFO o.a.j.s.SampleResult: sampleresult.default.encoding is set to UTF-8
2018-08-14 15:32:11,486 INFO o.a.j.s.SampleResult: sampleresult.useNanoTime=true
2018-08-14 15:32:11,486 INFO o.a.j.s.SampleResult: sampleresult.nanoThreadSleep=5000
2018-08-14 15:32:11,503 INFO o.a.j.p.h.s.HTTPHCAbstractImpl: Local host = panja09mac131
2018-08-14 15:32:11,507 INFO o.a.j.p.h.s.HTTPHC4Impl: HTTP request retry count = 0
2018-08-14 15:32:11,991 INFO o.a.j.p.h.p.BaseParser: Created org.apache.jmeter.protocol.http.parser.LagartoBasedHtmlParser
2018-08-14 15:32:12,046 INFO o.a.j.p.h.s.ResourcesDownloader: Creating ResourcesDownloader with keepalive_inseconds : 60
2018-08-14 15:32:12,630 INFO o.a.j.p.h.p.BaseParser: Created org.apache.jmeter.protocol.http.parser.CssParser
2018-08-14 15:32:14,101 INFO o.a.j.p.h.s.LazySchemeSocketFactory: Setting up HTTPS TrustAll Socket Factory
2018-08-14 15:32:14,109 INFO o.a.j.u.JsseSSLManager: Using default SSL protocol: TLS
2018-08-14 15:32:14,109 INFO o.a.j.u.JsseSSLManager: SSL session context: per-thread
2018-08-14 15:32:14,248 INFO o.a.j.u.SSLManager: JmeterKeyStore Location:  type JKS
2018-08-14 15:32:14,249 INFO o.a.j.u.SSLManager: KeyStore created OK
2018-08-14 15:32:14,249 WARN o.a.j.u.SSLManager: Keystore file not found, loading empty keystore
2018-08-14 15:32:14,495 INFO o.a.j.t.JMeterThread: Thread started: basic-script 1-2
2018-08-14 15:32:17,501 INFO o.a.j.t.JMeterThread: Thread started: basic-script 1-3
2018-08-14 15:32:20,510 INFO o.a.j.t.JMeterThread: Thread started: basic-script 1-4
2018-08-14 15:32:23,518 INFO o.a.j.t.JMeterThread: Thread started: basic-script 1-5
2018-08-14 15:32:26,527 INFO o.a.j.t.JMeterThread: Thread started: basic-script 1-6
2018-08-14 15:32:29,537 INFO o.a.j.t.JMeterThread: Thread started: basic-script 1-7
2018-08-14 15:32:32,549 INFO o.a.j.t.JMeterThread: Thread started: basic-script 1-8
2018-08-14 15:32:35,557 INFO o.a.j.t.JMeterThread: Thread started: basic-script 1-9
2018-08-14 15:32:38,567 INFO o.a.j.t.JMeterThread: Thread started: basic-script 1-10
2018-08-14 15:32:41,577 INFO o.a.j.t.JMeterThread: Thread started: basic-script 1-11
2018-08-14 15:32:44,585 INFO o.a.j.t.JMeterThread: Thread started: basic-script 1-12
2018-08-14 15:32:47,596 INFO o.a.j.t.JMeterThread: Thread started: basic-script 1-13
2018-08-14 15:32:50,602 INFO o.a.j.t.JMeterThread: Thread started: basic-script 1-14
2018-08-14 15:32:53,607 INFO o.a.j.t.JMeterThread: Thread started: basic-script 1-15
2018-08-14 15:32:56,611 INFO o.a.j.t.JMeterThread: Thread started: basic-script 1-16
2018-08-14 15:32:59,621 INFO o.a.j.t.JMeterThread: Thread started: basic-script 1-17
2018-08-14 15:33:02,624 INFO o.a.j.t.JMeterThread: Thread started: basic-script 1-18
2018-08-14 15:33:05,627 INFO o.a.j.t.JMeterThread: Thread started: basic-script 1-19
2018-08-14 15:33:08,629 INFO o.a.j.t.JMeterThread: Thread started: basic-script 1-20
2018-08-14 15:34:10,760 INFO c.b.j.t.c.ConcurrencyThreadStarter: Done supplying threads
2018-08-14 15:34:10,820 INFO o.a.j.t.JMeterThread: Thread is done: basic-script 1-4
2018-08-14 15:34:10,820 INFO o.a.j.t.JMeterThread: Thread finished: basic-script 1-4
2018-08-14 15:34:10,869 INFO o.a.j.t.JMeterThread: Thread is done: basic-script 1-10
2018-08-14 15:34:10,870 INFO o.a.j.t.JMeterThread: Thread finished: basic-script 1-10
2018-08-14 15:34:10,962 INFO o.a.j.t.JMeterThread: Thread is done: basic-script 1-17
2018-08-14 15:34:10,962 INFO o.a.j.t.JMeterThread: Thread finished: basic-script 1-17
2018-08-14 15:34:11,054 INFO o.a.j.t.JMeterThread: Thread is done: basic-script 1-6
2018-08-14 15:34:11,054 INFO o.a.j.t.JMeterThread: Thread finished: basic-script 1-6
2018-08-14 15:34:11,070 INFO o.a.j.t.JMeterThread: Thread is done: basic-script 1-18
2018-08-14 15:34:11,070 INFO o.a.j.t.JMeterThread: Thread finished: basic-script 1-18
2018-08-14 15:34:11,077 INFO o.a.j.t.JMeterThread: Thread is done: basic-script 1-15
2018-08-14 15:34:11,078 INFO o.a.j.t.JMeterThread: Thread finished: basic-script 1-15
2018-08-14 15:34:11,103 INFO o.a.j.t.JMeterThread: Thread is done: basic-script 1-7
2018-08-14 15:34:11,104 INFO o.a.j.t.JMeterThread: Thread finished: basic-script 1-7
2018-08-14 15:34:11,209 INFO o.a.j.t.JMeterThread: Thread is done: basic-script 1-8
2018-08-14 15:34:11,209 INFO o.a.j.t.JMeterThread: Thread finished: basic-script 1-8
2018-08-14 15:34:11,258 INFO o.a.j.t.JMeterThread: Thread is done: basic-script 1-20
2018-08-14 15:34:11,258 INFO o.a.j.t.JMeterThread: Thread finished: basic-script 1-20
2018-08-14 15:34:11,297 INFO o.a.j.t.JMeterThread: Thread is done: basic-script 1-19
2018-08-14 15:34:11,297 INFO o.a.j.t.JMeterThread: Thread finished: basic-script 1-19
2018-08-14 15:34:11,301 INFO o.a.j.t.JMeterThread: Thread is done: basic-script 1-5
2018-08-14 15:34:11,301 INFO o.a.j.t.JMeterThread: Thread finished: basic-script 1-5
2018-08-14 15:34:11,343 INFO o.a.j.t.JMeterThread: Thread is done: basic-script 1-16
2018-08-14 15:34:11,343 INFO o.a.j.t.JMeterThread: Thread finished: basic-script 1-16
2018-08-14 15:34:11,343 INFO o.a.j.t.JMeterThread: Thread is done: basic-script 1-9
2018-08-14 15:34:11,344 INFO o.a.j.t.JMeterThread: Thread finished: basic-script 1-9
2018-08-14 15:34:11,380 INFO o.a.j.t.JMeterThread: Thread is done: basic-script 1-13
2018-08-14 15:34:11,380 INFO o.a.j.t.JMeterThread: Thread finished: basic-script 1-13
2018-08-14 15:34:11,555 INFO o.a.j.t.JMeterThread: Thread is done: basic-script 1-11
2018-08-14 15:34:11,555 INFO o.a.j.t.JMeterThread: Thread finished: basic-script 1-11
2018-08-14 15:34:11,831 INFO o.a.j.t.JMeterThread: Thread is done: basic-script 1-14
2018-08-14 15:34:11,831 INFO o.a.j.t.JMeterThread: Thread finished: basic-script 1-14
2018-08-14 15:34:12,056 INFO o.a.j.t.JMeterThread: Thread is done: basic-script 1-1
2018-08-14 15:34:12,056 INFO o.a.j.t.JMeterThread: Thread finished: basic-script 1-1
2018-08-14 15:34:12,234 INFO o.a.j.t.JMeterThread: Thread is done: basic-script 1-2
2018-08-14 15:34:12,234 INFO o.a.j.t.JMeterThread: Thread finished: basic-script 1-2
2018-08-14 15:34:12,361 INFO o.a.j.t.JMeterThread: Thread is done: basic-script 1-3
2018-08-14 15:34:12,362 INFO o.a.j.t.JMeterThread: Thread finished: basic-script 1-3
2018-08-14 15:34:16,216 INFO o.a.j.t.JMeterThread: Thread is done: basic-script 1-12
2018-08-14 15:34:16,216 INFO o.a.j.t.JMeterThread: Thread finished: basic-script 1-12
2018-08-14 15:34:16,217 INFO o.a.j.e.StandardJMeterEngine: Notifying test listeners of end of test
2018-08-14 15:34:16,219 INFO o.a.j.e.StandardJMeterEngine: Forced JVM shutdown requested at end of test
