[2018-08-16 16:20:16,476 INFO root] Taurus CLI Tool v1.11.1
[2018-08-16 16:20:16,476 DEBUG root] Command-line options: {'verbose': None, 'no_system_configs': None, 'quiet': None, 'log': '/var/folders/v3/yp_zdc392qq1bxx6gs3_pvj9cgtsbx/T/bzt_nQz7Vp.log', 'option': None, 'aliases': []}
[2018-08-16 16:20:16,476 DEBUG root] Python: CPython 2.7.15
[2018-08-16 16:20:16,476 DEBUG root] OS: ('Darwin', 'panja09mac131', '17.7.0', 'Darwin Kernel Version 17.7.0: Thu Jun 21 22:53:14 PDT 2018; root:xnu-4570.71.2~1/RELEASE_X86_64', 'x86_64', 'i386')
[2018-08-16 16:20:16,477 INFO root] Starting with configs: ['MyScript.yml']
[2018-08-16 16:20:16,477 DEBUG root] Using personal config: /Users/panja09/.bzt-rc
[2018-08-16 16:20:16,477 INFO Engine] Configuring...
[2018-08-16 16:20:16,477 DEBUG Engine] No machine configs dir: /usr/local/Cellar/bzt/1.11.1/libexec/bin/../etc/bzt.d
[2018-08-16 16:20:16,477 DEBUG Engine] Base configs list: ['/usr/local/Cellar/bzt/1.11.1/libexec/lib/python2.7/site-packages/bzt/resources/base-config.yml']
[2018-08-16 16:20:16,477 DEBUG Engine.Configuration] Configs: ['/usr/local/Cellar/bzt/1.11.1/libexec/lib/python2.7/site-packages/bzt/resources/base-config.yml']
[2018-08-16 16:20:16,477 DEBUG Engine.Configuration] Reading /usr/local/Cellar/bzt/1.11.1/libexec/lib/python2.7/site-packages/bzt/resources/base-config.yml as YAML
[2018-08-16 16:20:16,499 DEBUG Engine] User configs list: ['/Users/panja09/.bzt-rc', 'MyScript.yml']
[2018-08-16 16:20:16,499 DEBUG Engine.Configuration] Configs: ['/Users/panja09/.bzt-rc', 'MyScript.yml']
[2018-08-16 16:20:16,500 DEBUG Engine.Configuration] Reading /Users/panja09/.bzt-rc as YAML
[2018-08-16 16:20:16,503 DEBUG Engine.Configuration] Reading MyScript.yml as YAML
[2018-08-16 16:20:16,506 DEBUG Engine.Configuration] Configs: ['/Users/panja09/.bzt-rc', 'MyScript.yml']
[2018-08-16 16:20:16,507 DEBUG Engine.Configuration] Reading /Users/panja09/.bzt-rc as YAML
[2018-08-16 16:20:16,510 DEBUG Engine.Configuration] Reading MyScript.yml as YAML
[2018-08-16 16:20:16,521 DEBUG Engine] Requesting updates info: http://gettaurus.org/updates/?version=1.11.1&installID=macos-8c859025ba21
[2018-08-16 16:20:16,525 INFO Engine] Artifacts dir: /Users/panja09/OneDrive - CA Technologies/Taurus/2018-08-16_16-20-16.521755
[2018-08-16 16:20:16,526 DEBUG Engine] New artifact filename: /Users/panja09/OneDrive - CA Technologies/Taurus/2018-08-16_16-20-16.521755/effective
[2018-08-16 16:20:16,528 DEBUG Engine.Configuration] Dumping YAML config into /Users/panja09/OneDrive - CA Technologies/Taurus/2018-08-16_16-20-16.521755/effective.yml
[2018-08-16 16:20:16,545 DEBUG Engine.Configuration] Dumping JSON config into /Users/panja09/OneDrive - CA Technologies/Taurus/2018-08-16_16-20-16.521755/effective.json
[2018-08-16 16:20:16,546 DEBUG Engine] New artifact filename: /Users/panja09/OneDrive - CA Technologies/Taurus/2018-08-16_16-20-16.521755/merged.yml
[2018-08-16 16:20:16,547 DEBUG Engine.Configuration] Dumping YAML config into /Users/panja09/OneDrive - CA Technologies/Taurus/2018-08-16_16-20-16.521755/merged.yml
[2018-08-16 16:20:16,550 DEBUG Engine] New artifact filename: /Users/panja09/OneDrive - CA Technologies/Taurus/2018-08-16_16-20-16.521755/merged.json
[2018-08-16 16:20:16,550 DEBUG Engine.Configuration] Dumping JSON config into /Users/panja09/OneDrive - CA Technologies/Taurus/2018-08-16_16-20-16.521755/merged.json
[2018-08-16 16:20:16,550 DEBUG Engine] Add existing artifact (move=False): MyScript.yml
[2018-08-16 16:20:16,551 DEBUG Engine] Copying MyScript.yml to /Users/panja09/OneDrive - CA Technologies/Taurus/2018-08-16_16-20-16.521755/MyScript.yml
[2018-08-16 16:20:16,551 DEBUG Engine.Environment] Replace 'TAURUS_ARTIFACTS_DIR' in environment
[2018-08-16 16:20:16,552 DEBUG root] Closing log handler: /var/folders/v3/yp_zdc392qq1bxx6gs3_pvj9cgtsbx/T/bzt_nQz7Vp.log
[2018-08-16 16:20:16,626 DEBUG root] Switched writing logs to /Users/panja09/OneDrive - CA Technologies/Taurus/2018-08-16_16-20-16.521755/bzt.log
[2018-08-16 16:20:16,626 DEBUG root] Linting config
[2018-08-16 16:20:16,628 INFO Engine] Preparing...
[2018-08-16 16:20:16,629 DEBUG Engine] Module config: consolidator defaultdict(None, {'class': 'bzt.modules.aggregator.ConsolidatingAggregator'})
[2018-08-16 16:20:16,629 DEBUG root] Importing module: bzt.modules.aggregator
[2018-08-16 16:20:16,721 DEBUG root] Loading class: 'ConsolidatingAggregator' from <module 'bzt.modules.aggregator' from '/usr/local/Cellar/bzt/1.11.1/libexec/lib/python2.7/site-packages/bzt/modules/aggregator.pyc'>
[2018-08-16 16:20:16,721 DEBUG Engine.consolidator] Buffer scaling setup: percentile 95.0 from [0.0, 50.0, 90.0, 95.0, 99.0, 99.9, 100.0] selected
[2018-08-16 16:20:16,721 DEBUG Engine] Module config: monitoring defaultdict(None, {'class': 'bzt.modules.monitoring.Monitoring'})
[2018-08-16 16:20:16,721 DEBUG root] Importing module: bzt.modules.monitoring
[2018-08-16 16:20:16,722 DEBUG root] Loading class: 'Monitoring' from <module 'bzt.modules.monitoring' from '/usr/local/Cellar/bzt/1.11.1/libexec/lib/python2.7/site-packages/bzt/modules/monitoring.pyc'>
[2018-08-16 16:20:16,722 DEBUG Engine.monitoring] Should not run because of non-matching prov: cloud != local
[2018-08-16 16:20:16,722 DEBUG Engine] Module config: cloud defaultdict(None, {'account': 'DoubleOZero', 'default-location': 'us-central1-a', 'send-report-email': False, 'project': 'Test The Thing', 'workspace': "James's workspace", 'test': 'What did you see? A Lemur?', 'class': 'bzt.modules.blazemeter.CloudProvisioning'})
[2018-08-16 16:20:16,722 DEBUG root] Importing module: bzt.modules.blazemeter
[2018-08-16 16:20:16,764 DEBUG easyprocess] version=0.2.3
[2018-08-16 16:20:16,765 DEBUG pyvirtualdisplay] version=0.2.1
[2018-08-16 16:20:16,766 DEBUG root] Loading class: 'CloudProvisioning' from <module 'bzt.modules.blazemeter' from '/usr/local/Cellar/bzt/1.11.1/libexec/lib/python2.7/site-packages/bzt/modules/blazemeter.pyc'>
[2018-08-16 16:20:16,766 DEBUG Engine] Module config: blazemeter defaultdict(None, {'token': '********', 'class': 'bzt.modules.blazemeter.BlazeMeterUploader'})
[2018-08-16 16:20:16,766 DEBUG root] Importing module: bzt.modules.blazemeter
[2018-08-16 16:20:16,766 DEBUG root] Loading class: 'BlazeMeterUploader' from <module 'bzt.modules.blazemeter' from '/usr/local/Cellar/bzt/1.11.1/libexec/lib/python2.7/site-packages/bzt/modules/blazemeter.pyc'>
[2018-08-16 16:20:16,767 DEBUG Engine.cloud] Request: GET https://a.blazemeter.com/api/v4/accounts None
[2018-08-16 16:20:16,796 DEBUG urllib3.connectionpool] Starting new HTTPS connection (1): a.blazemeter.com
[2018-08-16 16:20:17,003 DEBUG Engine] Taurus updates info: {"latest":"1.12.1","needsUpgrade":true}
[2018-08-16 16:20:17,004 WARNING Engine] There is newer version of Taurus 1.12.1 available, consider upgrading. What's new: http://gettaurus.org/docs/Changelog/
[2018-08-16 16:20:17,124 DEBUG urllib3.connectionpool] https://a.blazemeter.com:443 "GET /api/v4/accounts HTTP/1.1" 200 893
[2018-08-16 16:20:17,127 DEBUG Engine.cloud] Response [200]: {
    "limit": 10,
    "skip": 0,
    "total": 1,
    "hidden": 0,
    "api_version": 4,
    "error": null,
    "result": [
        {
            "id": 182891,
            "name": "DoubleOZero",
            "thumbnailUrl": "",
            "salesforceId": n
[2018-08-16 16:20:17,130 DEBUG Engine.cloud] Request: GET https://a.blazemeter.com/api/v4/workspaces?accountId=182891&enabled=true&limit=100 None
[2018-08-16 16:20:17,332 DEBUG urllib3.connectionpool] https://a.blazemeter.com:443 "GET /api/v4/workspaces?accountId=182891&enabled=true&limit=100 HTTP/1.1" 200 2846
[2018-08-16 16:20:17,334 DEBUG Engine.cloud] Response [200]: {
    "limit": 100,
    "skip": 0,
    "total": 4,
    "hidden": 0,
    "api_version": 4,
    "error": null,
    "result": [
        {
            "id": 202422,
            "name": "DoubleOZero",
            "userId": 399353,
            "created": 1520527
[2018-08-16 16:20:17,338 DEBUG Engine] Module config: jmeter defaultdict(None, {'properties': defaultdict(None, {'jmeter.save.saveservice.autoflush': 'true', 'jmeter.save.saveservice.connect_time': 'true', 'summariser.name': '', 'jmeterengine.force.system.exit': 'true'}), 'class': 'bzt.modules.jmeter.JMeterExecutor', 'plugins': ['jpgc-casutg', 'jpgc-dummy', 'jpgc-ffw', 'jpgc-fifo', 'jpgc-functions', 'jpgc-json', 'jpgc-perfmon', 'jpgc-prmctl', 'jpgc-tst']})
[2018-08-16 16:20:17,338 DEBUG root] Importing module: bzt.modules.jmeter
[2018-08-16 16:20:17,360 DEBUG root] Loading class: 'JMeterExecutor' from <module 'bzt.modules.jmeter' from '/usr/local/Cellar/bzt/1.11.1/libexec/lib/python2.7/site-packages/bzt/modules/jmeter.pyc'>
[2018-08-16 16:20:17,362 DEBUG Engine.cloud.ProjectFinder] Parsed test link: None
[2018-08-16 16:20:17,363 DEBUG Engine.cloud] Request: GET https://a.blazemeter.com/api/v4/accounts None
[2018-08-16 16:20:17,529 DEBUG urllib3.connectionpool] https://a.blazemeter.com:443 "GET /api/v4/accounts HTTP/1.1" 200 893
[2018-08-16 16:20:17,531 DEBUG Engine.cloud] Response [200]: {
    "limit": 10,
    "skip": 0,
    "total": 1,
    "hidden": 0,
    "api_version": 4,
    "error": null,
    "result": [
        {
            "id": 182891,
            "name": "DoubleOZero",
            "thumbnailUrl": "",
            "salesforceId": n
[2018-08-16 16:20:17,532 DEBUG Engine.cloud] Request: GET https://a.blazemeter.com/api/v4/workspaces?accountId=182891&enabled=true&limit=100 None
[2018-08-16 16:20:17,705 DEBUG urllib3.connectionpool] https://a.blazemeter.com:443 "GET /api/v4/workspaces?accountId=182891&enabled=true&limit=100 HTTP/1.1" 200 2846
[2018-08-16 16:20:17,706 DEBUG Engine.cloud] Response [200]: {
    "limit": 100,
    "skip": 0,
    "total": 4,
    "hidden": 0,
    "api_version": 4,
    "error": null,
    "result": [
        {
            "id": 202422,
            "name": "DoubleOZero",
            "userId": 399353,
            "created": 1520527
[2018-08-16 16:20:17,708 DEBUG Engine.cloud] Request: GET https://a.blazemeter.com/api/v4/projects?workspaceId=176590&name=Test+The+Thing None
[2018-08-16 16:20:17,867 DEBUG urllib3.connectionpool] https://a.blazemeter.com:443 "GET /api/v4/projects?workspaceId=176590&name=Test+The+Thing HTTP/1.1" 200 411
[2018-08-16 16:20:17,868 DEBUG Engine.cloud] Response [200]: {
    "limit": 10,
    "skip": 0,
    "total": 1,
    "hidden": 0,
    "api_version": 4,
    "error": null,
    "result": [
        {
            "id": 307740,
            "name": "Test The Thing",
            "userId": 399353,
            "description": n
[2018-08-16 16:20:17,869 DEBUG Engine.cloud] Request: GET https://a.blazemeter.com/api/v4/multi-tests?projectId=307740&name=What+did+you+see%3F+A+Lemur%3F None
[2018-08-16 16:20:18,042 DEBUG urllib3.connectionpool] https://a.blazemeter.com:443 "GET /api/v4/multi-tests?projectId=307740&name=What+did+you+see%3F+A+Lemur%3F HTTP/1.1" 200 126
[2018-08-16 16:20:18,043 DEBUG Engine.cloud] Response [200]: {
    "limit": 10,
    "skip": 0,
    "total": 0,
    "hidden": 0,
    "api_version": 4,
    "error": null,
    "result": []
}
[2018-08-16 16:20:18,043 DEBUG Engine.cloud] Request: GET https://a.blazemeter.com/api/v4/tests?projectId=307740&name=What+did+you+see%3F+A+Lemur%3F None
[2018-08-16 16:20:18,216 DEBUG urllib3.connectionpool] https://a.blazemeter.com:443 "GET /api/v4/tests?projectId=307740&name=What+did+you+see%3F+A+Lemur%3F HTTP/1.1" 200 126
[2018-08-16 16:20:18,217 DEBUG Engine.cloud] Response [200]: {
    "limit": 10,
    "skip": 0,
    "total": 0,
    "hidden": 0,
    "api_version": 4,
    "error": null,
    "result": []
}
[2018-08-16 16:20:18,217 DEBUG Engine.cloud.ProjectFinder] Will create standard test
[2018-08-16 16:20:18,218 DEBUG Engine.cloud] Request: GET https://a.blazemeter.com/api/v4/workspaces/176590 None
[2018-08-16 16:20:18,499 DEBUG urllib3.connectionpool] https://a.blazemeter.com:443 "GET /api/v4/workspaces/176590 HTTP/1.1" 200 None
[2018-08-16 16:20:18,546 DEBUG Engine.cloud] Response [200]: {
    "api_version": 4,
    "error": null,
    "result": {
        "id": 176590,
        "name": "James's workspace",
        "userId": 399353,
        "created": 1510869415,
        "updated": 1517258794,
        "enabled": true,
        "dedicatedIpsEnab
[2018-08-16 16:20:18,581 DEBUG Engine.cloud] All resource files are: ['Numbers.csv']
[2018-08-16 16:20:18,581 DEBUG Engine.cloud] Replace file names in config: ['Numbers.csv'] with ['Numbers.csv']
[2018-08-16 16:20:18,583 DEBUG Engine] New artifact filename: /Users/panja09/OneDrive - CA Technologies/Taurus/2018-08-16_16-20-16.521755/cloud
[2018-08-16 16:20:18,583 DEBUG root] Dumping YAML config into /Users/panja09/OneDrive - CA Technologies/Taurus/2018-08-16_16-20-16.521755/cloud.yml
[2018-08-16 16:20:18,587 DEBUG root] Dumping JSON config into /Users/panja09/OneDrive - CA Technologies/Taurus/2018-08-16_16-20-16.521755/cloud.json
[2018-08-16 16:20:18,587 DEBUG Engine.cloud] Creating new test
[2018-08-16 16:20:18,588 DEBUG Engine.cloud] Request: POST https://a.blazemeter.com/api/v4/tests {
 "projectId": 307740, 
 "configuration": {
  "type": "taurus", 
  "plugins": {
   "taurus": {
    "filename": ""
   }
  }
 }, 
 "name": "What did you see? A Lemur?"
}
[2018-08-16 16:20:18,813 DEBUG urllib3.connectionpool] https://a.blazemeter.com:443 "POST /api/v4/tests HTTP/1.1" 201 687
[2018-08-16 16:20:18,815 DEBUG Engine.cloud] Response [201]: {
    "api_version": 4,
    "error": null,
    "result": {
        "id": 6259662,
        "name": "What did you see? A Lemur?",
        "isNewTest": true,
        "userId": 399353,
        "created": 1534454430,
        "updated": 1534454430,
        "crea
[2018-08-16 16:20:18,816 DEBUG Engine.cloud] Request: GET https://a.blazemeter.com/api/v4/web/elfinder/6259662?cmd=open&target=s1_Lw None
[2018-08-16 16:20:19,108 DEBUG urllib3.connectionpool] https://a.blazemeter.com:443 "GET /api/v4/web/elfinder/6259662?cmd=open&target=s1_Lw HTTP/1.1" 200 1300
[2018-08-16 16:20:19,110 DEBUG Engine.cloud] Response [200]: {"cwd":{"name":"data","size":0,"mime":"directory","read":1,"write":1,"parent_id":"users","hash":"s1_Lw","rootRev":"","options":{"path":"","url":"","tmbUrl":"","disabled":["mkdir","archive","zipdl","extract","chmod"],"separator":"\/","copyOverwrite":1,"uplo
[2018-08-16 16:20:19,111 DEBUG Engine.cloud] Test files: []
[2018-08-16 16:20:19,121 DEBUG Engine.cloud] Uploading files into the test: ['/Users/panja09/OneDrive - CA Technologies/Taurus/Numbers.csv']
[2018-08-16 16:20:19,132 DEBUG Engine.cloud] Request: POST https://a.blazemeter.com/api/v4/tests/6259662/files --===============6629531415689669550==
Content-Disposition: file; name="script"; filename="taurus.yml"
Content-Type: application/octet-stream

---
execution:
- concurrency: 10
  files:
  - Numbers.csv
  hold-for: 1m
  locations:
    us-east-1: 1
  ramp
[2018-08-16 16:20:19,691 DEBUG urllib3.connectionpool] https://a.blazemeter.com:443 "POST /api/v4/tests/6259662/files HTTP/1.1" 201 629
[2018-08-16 16:20:19,692 DEBUG Engine.cloud] Response [201]: {
    "api_version": 4,
    "error": null,
    "result": {
        "id": 6259662,
        "isNewTest": true,
        "name": "What did you see? A Lemur?",
        "userId": 399353,
        "creatorClientId": "Taurus",
        "overrideExecutions": [],
    
[2018-08-16 16:20:19,693 DEBUG Engine.cloud] Request: PATCH https://a.blazemeter.com/api/v4/tests/6259662 {
 "configuration": {
  "executionType": null
 }
}
[2018-08-16 16:20:20,494 DEBUG urllib3.connectionpool] https://a.blazemeter.com:443 "PATCH /api/v4/tests/6259662 HTTP/1.1" 200 1405
[2018-08-16 16:20:20,495 DEBUG Engine.cloud] Response [200]: {
    "api_version": 4,
    "error": null,
    "result": {
        "id": 6259662,
        "isNewTest": true,
        "name": "What did you see? A Lemur?",
        "userId": 399353,
        "creatorClientId": "Taurus",
        "overrideExecutions": [],
    
[2018-08-16 16:20:20,495 DEBUG Engine.cloud] Request: PATCH https://a.blazemeter.com/api/v4/tests/6259662 {
 "configuration": {
  "plugins": {
   "reportEmail": {
    "enabled": false
   }
  }
 }
}
[2018-08-16 16:20:20,796 DEBUG urllib3.connectionpool] https://a.blazemeter.com:443 "PATCH /api/v4/tests/6259662 HTTP/1.1" 200 1583
[2018-08-16 16:20:20,797 DEBUG Engine.cloud] Response [200]: {
    "api_version": 4,
    "error": null,
    "result": {
        "id": 6259662,
        "isNewTest": true,
        "name": "What did you see? A Lemur?",
        "userId": 399353,
        "creatorClientId": "Taurus",
        "overrideExecutions": [],
    
[2018-08-16 16:20:20,799 DEBUG Engine] Module config: final-stats defaultdict(None, {'class': 'bzt.modules.reporting.FinalStatus'})
[2018-08-16 16:20:20,799 DEBUG root] Importing module: bzt.modules.reporting
[2018-08-16 16:20:20,801 DEBUG root] Loading class: 'FinalStatus' from <module 'bzt.modules.reporting' from '/usr/local/Cellar/bzt/1.11.1/libexec/lib/python2.7/site-packages/bzt/modules/reporting.pyc'>
[2018-08-16 16:20:20,801 DEBUG Engine] Module config: console defaultdict(None, {'class': 'bzt.modules.console.ConsoleStatusReporter'})
[2018-08-16 16:20:20,801 DEBUG root] Importing module: bzt.modules.console
[2018-08-16 16:20:20,802 DEBUG root] Loading class: 'ConsoleStatusReporter' from <module 'bzt.modules.console' from '/usr/local/Cellar/bzt/1.11.1/libexec/lib/python2.7/site-packages/bzt/modules/console.pyc'>
[2018-08-16 16:20:20,812 DEBUG Engine.Configuration] Dumping YAML config into /Users/panja09/OneDrive - CA Technologies/Taurus/2018-08-16_16-20-16.521755/effective.yml
[2018-08-16 16:20:20,833 DEBUG Engine.Configuration] Dumping JSON config into /Users/panja09/OneDrive - CA Technologies/Taurus/2018-08-16_16-20-16.521755/effective.json
[2018-08-16 16:20:20,834 INFO Engine] Starting...
[2018-08-16 16:20:20,834 DEBUG Engine] Startup <bzt.modules.aggregator.ConsolidatingAggregator object at 0x103151a90>
[2018-08-16 16:20:20,834 DEBUG Engine] Startup <bzt.modules.reporting.FinalStatus object at 0x1043f7310>
[2018-08-16 16:20:20,834 DEBUG Engine] Startup <bzt.modules.console.ConsoleStatusReporter object at 0x1043f7f90>
[2018-08-16 16:20:20,834 INFO Engine.console] Waiting for results...
[2018-08-16 16:20:20,834 DEBUG Engine] Startup <bzt.modules.blazemeter.CloudProvisioning object at 0x1040bd6d0>
[2018-08-16 16:20:20,835 INFO Engine.cloud.ProjectFinder.CloudTaurusTest] Initiating cloud test with https://a.blazemeter.com ...
[2018-08-16 16:20:20,835 DEBUG Engine.cloud] Request: POST https://a.blazemeter.com/api/v4/tests/6259662/start None
[2018-08-16 16:20:24,448 DEBUG urllib3.connectionpool] https://a.blazemeter.com:443 "POST /api/v4/tests/6259662/start HTTP/1.1" 202 1257
[2018-08-16 16:20:24,449 DEBUG Engine.cloud] Response [202]: {
    "api_version": 4,
    "error": null,
    "result": {
        "id": 18094506,
        "name": "What did you see? A Lemur?",
        "userId": 399353,
        "runnerUserId": 399353,
        "parallelTestsInWorkspace": 1,
        "parallelTestsInAccoun
[2018-08-16 16:20:24,450 INFO Engine.cloud] Started cloud test: https://a.blazemeter.com/app/#/masters/18094506
[2018-08-16 16:20:24,579 DEBUG Engine.Configuration] Dumping YAML config into /Users/panja09/OneDrive - CA Technologies/Taurus/2018-08-16_16-20-16.521755/effective.yml
[2018-08-16 16:20:24,623 DEBUG Engine.Configuration] Dumping JSON config into /Users/panja09/OneDrive - CA Technologies/Taurus/2018-08-16_16-20-16.521755/effective.json
[2018-08-16 16:20:24,624 DEBUG root] Leveling down log file verbosity, use -v option to have DEBUG messages enabled
[2018-08-16 16:20:24,812 INFO Engine.cloud] Cloud test status: CREATE
[2018-08-16 16:20:25,010 INFO Engine.console] Waiting for finish...
[2018-08-16 16:20:29,828 INFO Engine.cloud] Cloud test status: BOOT_STARTING
[2018-08-16 16:21:29,993 INFO Engine.cloud] Cloud test status: TAURUS_ENGINE_READY
[2018-08-16 16:21:55,008 INFO Engine.cloud] Cloud test status: DATA_RECEIVED
[2018-08-16 16:23:35,619 INFO Engine.cloud] Cloud test status: FINALIZING
[2018-08-16 16:23:35,627 INFO Engine.cloud] Test was stopped in the cloud: FINALIZING
[2018-08-16 16:23:36,245 WARNING Engine] Please wait for graceful shutdown...
[2018-08-16 16:23:36,251 DEBUG root] Leveled up log file verbosity
[2018-08-16 16:23:36,251 INFO Engine] Shutting down...
[2018-08-16 16:23:36,257 DEBUG Engine] Current stop reason: None
[2018-08-16 16:23:36,258 DEBUG Engine.console] Restoring logging streams, [<logging.StreamHandler object at 0x1031046d0>]/{<logging.StreamHandler object at 0x1031046d0>: <open file '<stdout>', mode 'w' at 0x101afa150>}
[2018-08-16 16:23:36,260 DEBUG Engine.Configuration] Dumping YAML config into /Users/panja09/OneDrive - CA Technologies/Taurus/2018-08-16_16-20-16.521755/effective.yml
[2018-08-16 16:23:36,285 DEBUG Engine.Configuration] Dumping JSON config into /Users/panja09/OneDrive - CA Technologies/Taurus/2018-08-16_16-20-16.521755/effective.json
[2018-08-16 16:23:36,286 INFO Engine] Post-processing...
[2018-08-16 16:23:36,287 DEBUG Engine.cloud] Request: GET https://a.blazemeter.com/api/v4/masters/18094506/full None
[2018-08-16 16:23:36,474 DEBUG urllib3.connectionpool] https://a.blazemeter.com:443 "GET /api/v4/masters/18094506/full HTTP/1.1" 200 4666
[2018-08-16 16:23:36,475 DEBUG Engine.cloud] Response [200]: {
    "api_version": 4,
    "error": null,
    "result": {
        "id": 18094506,
        "name": "What did you see? A Lemur?",
        "userId": 399353,
        "runnerUserId": 399353,
        "created": 1534454435,
        "updated": 1534454435,
       
[2018-08-16 16:23:36,476 DEBUG Engine.cloud] Request: GET https://a.blazemeter.com/api/v4/data/labels?master_id=18094506 None
[2018-08-16 16:23:36,641 DEBUG urllib3.connectionpool] https://a.blazemeter.com:443 "GET /api/v4/data/labels?master_id=18094506 HTTP/1.1" 200 377
[2018-08-16 16:23:36,642 DEBUG Engine.cloud] Response [200]: {
    "api_version": 4,
    "error": null,
    "result": [
        {
            "id": "ALL",
            "name": "ALL",
            "sessions": [
                "r-v4-5b75eaa3d1052"
            ]
        },
        {
            "id": "blazedemo",
      
[2018-08-16 16:23:36,642 DEBUG Engine.cloud] Request: GET https://a.blazemeter.com/api/v4/data/kpis?interval=1&from=1534454620&master_ids%5B%5D=18094506&kpis%5B%5D=t&kpis%5B%5D=lt&kpis%5B%5D=by&kpis%5B%5D=n&kpis%5B%5D=ec&kpis%5B%5D=ts&kpis%5B%5D=na&labels%5B%5D=ALL&labels%5B%5D=blazedemo None
[2018-08-16 16:23:36,818 DEBUG urllib3.connectionpool] https://a.blazemeter.com:443 "GET /api/v4/data/kpis?interval=1&from=1534454620&master_ids%5B%5D=18094506&kpis%5B%5D=t&kpis%5B%5D=lt&kpis%5B%5D=by&kpis%5B%5D=n&kpis%5B%5D=ec&kpis%5B%5D=ts&kpis%5B%5D=na&labels%5B%5D=ALL&labels%5B%5D=blazedemo HTTP/1.1" 200 1049
[2018-08-16 16:23:36,820 DEBUG Engine.cloud] Response [200]: {
    "api_version": 4,
    "error": null,
    "result": [
        {
            "labelId": "ALL",
            "labelName": "ALL",
            "label": "ALL",
            "kpis": [
                {
                    "n": 25,
                    "na": 10
[2018-08-16 16:23:36,820 DEBUG Engine.cloud] Request: GET https://a.blazemeter.com/api/v4/masters/18094506/reports/aggregatereport/data None
[2018-08-16 16:23:36,986 DEBUG urllib3.connectionpool] https://a.blazemeter.com:443 "GET /api/v4/masters/18094506/reports/aggregatereport/data HTTP/1.1" 200 1407
[2018-08-16 16:23:36,987 DEBUG Engine.cloud] Response [200]: {
    "api_version": 4,
    "error": null,
    "result": [
        {
            "labelId": "ALL",
            "labelName": "ALL",
            "samples": 1943,
            "avgResponseTime": 333.615,
            "90line": 534,
            "95line": 535,
  
[2018-08-16 16:23:36,988 DEBUG Engine.cloud] Request: GET https://a.blazemeter.com/api/v4/masters/18094506/reports/errorsreport/data?noDataError=false None
[2018-08-16 16:23:37,196 DEBUG urllib3.connectionpool] https://a.blazemeter.com:443 "GET /api/v4/masters/18094506/reports/errorsreport/data?noDataError=false HTTP/1.1" 200 61
[2018-08-16 16:23:37,197 DEBUG Engine.cloud] Response [200]: {
    "api_version": 4,
    "error": null,
    "result": []
}
[2018-08-16 16:23:37,198 DEBUG Engine.consolidator] Consolidator buffer[3]: [1534454618, 1534454619, 1534454620]
[2018-08-16 16:23:37,198 DEBUG Engine.consolidator] Merging into 1534454618
[2018-08-16 16:23:37,198 DEBUG Engine.consolidator] Merging 1534454618
[2018-08-16 16:23:37,202 DEBUG Engine.consolidator] Processed datapoint: 1534454618/None
[2018-08-16 16:23:37,202 DEBUG Engine.consolidator] Merging into 1534454619
[2018-08-16 16:23:37,202 DEBUG Engine.consolidator] Merging 1534454619
[2018-08-16 16:23:37,204 DEBUG Engine.consolidator] Processed datapoint: 1534454619/None
[2018-08-16 16:23:37,204 DEBUG Engine.consolidator] Merging into 1534454620
[2018-08-16 16:23:37,204 DEBUG Engine.consolidator] Merging 1534454620
[2018-08-16 16:23:37,206 DEBUG Engine.consolidator] Processed datapoint: 1534454620/None
[2018-08-16 16:23:37,206 INFO Engine.final-stats] Test duration: 0:03:16
[2018-08-16 16:23:37,206 INFO Engine.final-stats] Samples count: 2543, 0.00% failures
[2018-08-16 16:23:37,207 INFO Engine.final-stats] Average times: total 0.334, latency 0.095, connect 0.000
[2018-08-16 16:23:37,207 INFO Engine.final-stats] Percentile 90.0%: 0.546
[2018-08-16 16:23:37,207 INFO Engine.final-stats] Percentile 95.0%: 0.547
[2018-08-16 16:23:37,207 INFO Engine.final-stats] Percentile 99.0%: 1.014
[2018-08-16 16:23:37,207 DEBUG Engine.console] No logger_handler or orig_stream was detected
[2018-08-16 16:23:37,209 DEBUG Engine.Configuration] Dumping YAML config into /Users/panja09/OneDrive - CA Technologies/Taurus/2018-08-16_16-20-16.521755/effective.yml
[2018-08-16 16:23:37,230 DEBUG Engine.Configuration] Dumping JSON config into /Users/panja09/OneDrive - CA Technologies/Taurus/2018-08-16_16-20-16.521755/effective.json
[2018-08-16 16:23:37,230 INFO root] Artifacts dir: /Users/panja09/OneDrive - CA Technologies/Taurus/2018-08-16_16-20-16.521755
[2018-08-16 16:23:37,231 INFO root] Done performing with code: 0
[2018-08-16 16:23:37,231 DEBUG root] Closing log handler: /Users/panja09/OneDrive - CA Technologies/Taurus/2018-08-16_16-20-16.521755/bzt.log
