[2018-08-16 15:23:14,955 INFO root] Taurus CLI Tool v1.11.1
[2018-08-16 15:23:14,955 DEBUG root] Command-line options: {'verbose': None, 'no_system_configs': None, 'quiet': None, 'log': '/var/folders/v3/yp_zdc392qq1bxx6gs3_pvj9cgtsbx/T/bzt_30PUQ3.log', 'option': None, 'aliases': []}
[2018-08-16 15:23:14,955 DEBUG root] Python: CPython 2.7.15
[2018-08-16 15:23:14,955 DEBUG root] OS: ('Darwin', 'panja09mac131', '17.7.0', 'Darwin Kernel Version 17.7.0: Thu Jun 21 22:53:14 PDT 2018; root:xnu-4570.71.2~1/RELEASE_X86_64', 'x86_64', 'i386')
[2018-08-16 15:23:14,955 INFO root] Starting with configs: ['MyScript.yml']
[2018-08-16 15:23:14,956 DEBUG root] Using personal config: /Users/panja09/.bzt-rc
[2018-08-16 15:23:14,956 INFO Engine] Configuring...
[2018-08-16 15:23:14,956 DEBUG Engine] No machine configs dir: /usr/local/Cellar/bzt/1.11.1/libexec/bin/../etc/bzt.d
[2018-08-16 15:23:14,956 DEBUG Engine] Base configs list: ['/usr/local/Cellar/bzt/1.11.1/libexec/lib/python2.7/site-packages/bzt/resources/base-config.yml']
[2018-08-16 15:23:14,956 DEBUG Engine.Configuration] Configs: ['/usr/local/Cellar/bzt/1.11.1/libexec/lib/python2.7/site-packages/bzt/resources/base-config.yml']
[2018-08-16 15:23:14,956 DEBUG Engine.Configuration] Reading /usr/local/Cellar/bzt/1.11.1/libexec/lib/python2.7/site-packages/bzt/resources/base-config.yml as YAML
[2018-08-16 15:23:14,978 DEBUG Engine] User configs list: ['/Users/panja09/.bzt-rc', 'MyScript.yml']
[2018-08-16 15:23:14,979 DEBUG Engine.Configuration] Configs: ['/Users/panja09/.bzt-rc', 'MyScript.yml']
[2018-08-16 15:23:14,979 DEBUG Engine.Configuration] Reading /Users/panja09/.bzt-rc as YAML
[2018-08-16 15:23:15,011 DEBUG Engine.Configuration] Reading MyScript.yml as YAML
[2018-08-16 15:23:15,013 DEBUG Engine.Configuration] Configs: ['/Users/panja09/.bzt-rc', 'MyScript.yml']
[2018-08-16 15:23:15,014 DEBUG Engine.Configuration] Reading /Users/panja09/.bzt-rc as YAML
[2018-08-16 15:23:15,017 DEBUG Engine.Configuration] Reading MyScript.yml as YAML
[2018-08-16 15:23:15,029 DEBUG Engine] Requesting updates info: http://gettaurus.org/updates/?version=1.11.1&installID=macos-8c859025ba21
[2018-08-16 15:23:15,032 INFO Engine] Artifacts dir: /Users/panja09/OneDrive - CA Technologies/Taurus/2018-08-16_15-23-15.029857
[2018-08-16 15:23:15,033 DEBUG Engine] New artifact filename: /Users/panja09/OneDrive - CA Technologies/Taurus/2018-08-16_15-23-15.029857/effective
[2018-08-16 15:23:15,035 DEBUG Engine.Configuration] Dumping YAML config into /Users/panja09/OneDrive - CA Technologies/Taurus/2018-08-16_15-23-15.029857/effective.yml
[2018-08-16 15:23:15,051 DEBUG Engine.Configuration] Dumping JSON config into /Users/panja09/OneDrive - CA Technologies/Taurus/2018-08-16_15-23-15.029857/effective.json
[2018-08-16 15:23:15,052 DEBUG Engine] New artifact filename: /Users/panja09/OneDrive - CA Technologies/Taurus/2018-08-16_15-23-15.029857/merged.yml
[2018-08-16 15:23:15,052 DEBUG Engine.Configuration] Dumping YAML config into /Users/panja09/OneDrive - CA Technologies/Taurus/2018-08-16_15-23-15.029857/merged.yml
[2018-08-16 15:23:15,055 DEBUG Engine] New artifact filename: /Users/panja09/OneDrive - CA Technologies/Taurus/2018-08-16_15-23-15.029857/merged.json
[2018-08-16 15:23:15,055 DEBUG Engine.Configuration] Dumping JSON config into /Users/panja09/OneDrive - CA Technologies/Taurus/2018-08-16_15-23-15.029857/merged.json
[2018-08-16 15:23:15,056 DEBUG Engine] Add existing artifact (move=False): MyScript.yml
[2018-08-16 15:23:15,056 DEBUG Engine] Copying MyScript.yml to /Users/panja09/OneDrive - CA Technologies/Taurus/2018-08-16_15-23-15.029857/MyScript.yml
[2018-08-16 15:23:15,056 DEBUG Engine.Environment] Replace 'TAURUS_ARTIFACTS_DIR' in environment
[2018-08-16 15:23:15,057 DEBUG root] Closing log handler: /var/folders/v3/yp_zdc392qq1bxx6gs3_pvj9cgtsbx/T/bzt_30PUQ3.log
[2018-08-16 15:23:15,141 DEBUG root] Switched writing logs to /Users/panja09/OneDrive - CA Technologies/Taurus/2018-08-16_15-23-15.029857/bzt.log
[2018-08-16 15:23:15,141 DEBUG root] Linting config
[2018-08-16 15:23:15,143 INFO Engine] Preparing...
[2018-08-16 15:23:15,144 DEBUG Engine] Module config: consolidator defaultdict(None, {'class': 'bzt.modules.aggregator.ConsolidatingAggregator'})
[2018-08-16 15:23:15,144 DEBUG root] Importing module: bzt.modules.aggregator
[2018-08-16 15:23:15,236 DEBUG root] Loading class: 'ConsolidatingAggregator' from <module 'bzt.modules.aggregator' from '/usr/local/Cellar/bzt/1.11.1/libexec/lib/python2.7/site-packages/bzt/modules/aggregator.pyc'>
[2018-08-16 15:23:15,237 DEBUG Engine.consolidator] Buffer scaling setup: percentile 95.0 from [0.0, 50.0, 90.0, 95.0, 99.0, 99.9, 100.0] selected
[2018-08-16 15:23:15,237 DEBUG Engine] Module config: monitoring defaultdict(None, {'class': 'bzt.modules.monitoring.Monitoring'})
[2018-08-16 15:23:15,238 DEBUG root] Importing module: bzt.modules.monitoring
[2018-08-16 15:23:15,239 DEBUG root] Loading class: 'Monitoring' from <module 'bzt.modules.monitoring' from '/usr/local/Cellar/bzt/1.11.1/libexec/lib/python2.7/site-packages/bzt/modules/monitoring.pyc'>
[2018-08-16 15:23:15,239 DEBUG Engine] Module config: local defaultdict(None, {'class': 'bzt.modules.provisioning.Local'})
[2018-08-16 15:23:15,239 DEBUG root] Importing module: bzt.modules.provisioning
[2018-08-16 15:23:15,239 DEBUG root] Loading class: 'Local' from <module 'bzt.modules.provisioning' from '/usr/local/Cellar/bzt/1.11.1/libexec/lib/python2.7/site-packages/bzt/modules/provisioning.pyc'>
[2018-08-16 15:23:15,239 DEBUG Engine] Module config: jmeter defaultdict(None, {'properties': defaultdict(None, {'jmeter.save.saveservice.autoflush': 'true', 'jmeter.save.saveservice.connect_time': 'true', 'summariser.name': '', 'jmeterengine.force.system.exit': 'true'}), 'class': 'bzt.modules.jmeter.JMeterExecutor', 'plugins': ['jpgc-casutg', 'jpgc-dummy', 'jpgc-ffw', 'jpgc-fifo', 'jpgc-functions', 'jpgc-json', 'jpgc-perfmon', 'jpgc-prmctl', 'jpgc-tst']})
[2018-08-16 15:23:15,239 DEBUG root] Importing module: bzt.modules.jmeter
[2018-08-16 15:23:15,246 DEBUG root] Loading class: 'JMeterExecutor' from <module 'bzt.modules.jmeter' from '/usr/local/Cellar/bzt/1.11.1/libexec/lib/python2.7/site-packages/bzt/modules/jmeter.pyc'>
[2018-08-16 15:23:15,246 DEBUG Engine.local] Preparing executor: None/4387510480
[2018-08-16 15:23:15,246 DEBUG Engine] New artifact filename: /Users/panja09/OneDrive - CA Technologies/Taurus/2018-08-16_15-23-15.029857/jmeter.log
[2018-08-16 15:23:15,246 DEBUG Engine.jmeter] Checking if port 4445 is free
[2018-08-16 15:23:15,247 DEBUG Engine.jmeter] Port 4445 is free
[2018-08-16 15:23:15,247 DEBUG Engine.jmeter] Using port 4445 for management
[2018-08-16 15:23:15,247 DEBUG Engine.jmeter.JavaVM] Trying JavaVM: ['java', '-version']
[2018-08-16 15:23:15,513 DEBUG Engine.jmeter.JavaVM] JavaVM output: java version "1.8.0_151"
Java(TM) SE Runtime Environment (build 1.8.0_151-b12)
Java HotSpot(TM) 64-Bit Server VM (build 25.151-b12, mixed mode)
[2018-08-16 15:23:15,513 DEBUG Engine.jmeter.TclLibrary] We don't need to check tcl library on this platform
[2018-08-16 15:23:15,513 DEBUG Engine.jmeter.JMeter] Trying jmeter: /Users/panja09/.bzt/jmeter-taurus/4.0/bin/jmeter.sh
[2018-08-16 15:23:15,514 DEBUG bzt.utils] Executing shell: ['/Users/panja09/.bzt/jmeter-taurus/4.0/bin/jmeter.sh', '-j', '/var/folders/v3/yp_zdc392qq1bxx6gs3_pvj9cgtsbx/T/jmeterMrfp2Rlog', '--version'] at .
[2018-08-16 15:23:15,521 DEBUG Engine] Taurus updates info: {"latest":"1.12.1","needsUpgrade":true}
[2018-08-16 15:23:15,522 WARNING Engine] There is newer version of Taurus 1.12.1 available, consider upgrading. What's new: http://gettaurus.org/docs/Changelog/
[2018-08-16 15:23:18,068 DEBUG Engine.jmeter.JMeter] JMeter check:     _    ____   _    ____ _   _ _____       _ __  __ _____ _____ _____ ____     
   / \  |  _ \ / \  / ___| | | | ____|     | |  \/  | ____|_   _| ____|  _ \   
  / _ \ | |_) / _ \| |   | |_| |  _|    _  | | |\/| |  _|   | | |  _| | |_) | 
 / ___ \|  __/ ___ \ |___|  _  | |___  | |_| | |  | | |___  | | | |___|  _ <  
/_/   \_\_| /_/   \_\____|_| |_|_____|  \___/|_|  |_|_____| |_| |_____|_| \_\ 4.0 r1823414  

Copyright (c) 1999-2018 The Apache Software Foundation

 / None
[2018-08-16 15:23:18,069 DEBUG Engine] New artifact filename: /Users/panja09/OneDrive - CA Technologies/Taurus/2018-08-16_15-23-15.029857/requests.jmx
[2018-08-16 15:23:18,071 DEBUG JMeterScenarioBuilder] Saving JMX to: /Users/panja09/OneDrive - CA Technologies/Taurus/2018-08-16_15-23-15.029857/requests.jmx
[2018-08-16 15:23:18,072 DEBUG Engine.jmeter] Load: LoadSpec(concurrency=10, throughput=None, ramp_up=60.0, hold=60.0, iterations=0, duration=120.0, steps=None)
[2018-08-16 15:23:18,103 DEBUG Engine] New artifact filename: /Users/panja09/OneDrive - CA Technologies/Taurus/2018-08-16_15-23-15.029857/kpi.jtl
[2018-08-16 15:23:18,104 DEBUG Engine] New artifact filename: /Users/panja09/OneDrive - CA Technologies/Taurus/2018-08-16_15-23-15.029857/error.jtl
[2018-08-16 15:23:18,107 DEBUG Engine.jmeter.LoadSettingsProcessor.ThreadGroupHandler] Converting ThreadGroup (blazedemo) to ConcurrencyThreadGroup and apply load parameters
[2018-08-16 15:23:18,108 DEBUG Engine] New artifact filename: /Users/panja09/OneDrive - CA Technologies/Taurus/2018-08-16_15-23-15.029857/modified_requests.jmx
[2018-08-16 15:23:18,108 DEBUG JMX] Saving JMX to: /Users/panja09/OneDrive - CA Technologies/Taurus/2018-08-16_15-23-15.029857/modified_requests.jmx
[2018-08-16 15:23:18,108 DEBUG Engine.jmeter] Additional properties: defaultdict(None, {'jmeter.save.saveservice.autoflush': 'true', 'jmeter.save.saveservice.connect_time': 'true', 'user.classpath': '/Users/panja09/OneDrive - CA Technologies/Taurus/2018-08-16_15-23-15.029857:/Users/panja09/OneDrive - CA Technologies/Taurus/2018-08-16_15-23-15.029857', 'sampleresult.default.encoding': 'UTF-8', 'summariser.name': '', 'jmeterengine.force.system.exit': 'true', 'jmeter.save.saveservice.timestamp_format': 'ms', 'jmeterengine.nongui.maxport': 4445, 'jmeterengine.nongui.port': 4445})
[2018-08-16 15:23:18,108 DEBUG Engine] New artifact filename: /Users/panja09/OneDrive - CA Technologies/Taurus/2018-08-16_15-23-15.029857/jmeter-bzt.properties
[2018-08-16 15:23:18,109 DEBUG Engine.jmeter] Additional system properties defaultdict(None, {'sun.net.inetaddr.ttl': 0})
[2018-08-16 15:23:18,109 DEBUG Engine] New artifact filename: /Users/panja09/OneDrive - CA Technologies/Taurus/2018-08-16_15-23-15.029857/system.properties
[2018-08-16 15:23:18,109 DEBUG bzt.utils] Executing shell: ['/Users/panja09/.bzt/jmeter-taurus/4.0/bin/PluginsManagerCMD.sh', 'install-for-jmx', '/Users/panja09/OneDrive - CA Technologies/Taurus/2018-08-16_15-23-15.029857/modified_requests.jmx'] at .
[2018-08-16 15:23:21,445 DEBUG Engine.jmeter.JMeter] Try to detect plugins for /Users/panja09/OneDrive - CA Technologies/Taurus/2018-08-16_15-23-15.029857/modified_requests.jmx
15:23:20.157 [main] INFO  org.jmeterplugins.repository.PluginManager - Plugins Status: [jpgc-functions=2.1, custom-soap=1.3, jpgc-casutg=2.5, jpgc-dummy=0.2, jpgc-ffw=2.0, jpgc-fifo=0.2, jpgc-json=2.6, bzm-parallel=0.7, jpgc-prmctl=0.4, jpgc-perfmon=2.1, jpgc-plugins-manager=0.20, jpgc-tst=2.4, jmeter-core=4.0, jmeter-ftp=4.0, jmeter-http=4.0, jmeter-jdbc=4.0, jmeter-jms=4.0, jmeter-junit=4.0, jmeter-java=4.0, jmeter-ldap=4.0, jmeter-mail=4.0, jmeter-mongodb=4.0, jmeter-native=4.0, jmeter-tcp=4.0, jmeter-components=4.0]
2018-08-16 15:23:20,157 INFO o.j.r.PluginManager: Plugins Status: [jpgc-functions=2.1, custom-soap=1.3, jpgc-casutg=2.5, jpgc-dummy=0.2, jpgc-ffw=2.0, jpgc-fifo=0.2, jpgc-json=2.6, bzm-parallel=0.7, jpgc-prmctl=0.4, jpgc-perfmon=2.1, jpgc-plugins-manager=0.20, jpgc-tst=2.4, jmeter-core=4.0, jmeter-ftp=4.0, jmeter-http=4.0, jmeter-jdbc=4.0, jmeter-jms=4.0, jmeter-junit=4.0, jmeter-java=4.0, jmeter-ldap=4.0, jmeter-mail=4.0, jmeter-mongodb=4.0, jmeter-native=4.0, jmeter-tcp=4.0, jmeter-components=4.0]
15:23:20.633 [main] INFO  org.apache.jmeter.save.SaveService - Testplan (JMX) version: 2.2. Testlog (JTL) version: 2.2
2018-08-16 15:23:20,633 INFO o.a.j.s.SaveService: Testplan (JMX) version: 2.2. Testlog (JTL) version: 2.2
15:23:20.694 [main] INFO  org.apache.jmeter.save.SaveService - Using SaveService properties file encoding UTF-8
2018-08-16 15:23:20,694 INFO o.a.j.s.SaveService: Using SaveService properties file encoding UTF-8
15:23:20.698 [main] INFO  org.apache.jmeter.save.SaveService - Using SaveService properties version 4.0
2018-08-16 15:23:20,698 INFO o.a.j.s.SaveService: Using SaveService properties version 4.0
15:23:20.762 [main] INFO  org.apache.jmeter.protocol.http.control.CacheManager - Will only cache the following methods: [GET]
2018-08-16 15:23:20,762 INFO o.a.j.p.h.c.CacheManager: Will only cache the following methods: [GET]
15:23:20.765 [main] INFO  org.apache.jmeter.protocol.http.control.CookieManager - Settings: Delete null: true Check: true Allow variable: true Save: false Prefix: COOKIE_
2018-08-16 15:23:20,765 INFO o.a.j.p.h.c.CookieManager: Settings: Delete null: true Check: true Allow variable: true Save: false Prefix: COOKIE_
15:23:20.915 [main] INFO  org.jmeterplugins.repository.PluginManager - Restarting JMeter...
2018-08-16 15:23:20,915 INFO o.j.r.PluginManager: Restarting JMeter...
15:23:20.918 [Thread-3] INFO  org.jmeterplugins.repository.PluginManager - Starting JMeter Plugins modifications
2018-08-16 15:23:20,918 INFO o.j.r.PluginManager: Starting JMeter Plugins modifications

ERROR StatusLogger No log4j2 configuration file found. Using default configuration: logging only errors to the console. Set system property 'log4j2.debug' to show Log4j2 internal initialization logging.

[2018-08-16 15:23:26,449 DEBUG Engine] New artifact filename: /Users/panja09/OneDrive - CA Technologies/Taurus/2018-08-16_15-23-15.029857/jmeter.out
[2018-08-16 15:23:26,449 DEBUG Engine] New artifact filename: /Users/panja09/OneDrive - CA Technologies/Taurus/2018-08-16_15-23-15.029857/jmeter.err
[2018-08-16 15:23:26,451 DEBUG Engine] Module config: final-stats defaultdict(None, {'class': 'bzt.modules.reporting.FinalStatus'})
[2018-08-16 15:23:26,452 DEBUG root] Importing module: bzt.modules.reporting
[2018-08-16 15:23:26,502 DEBUG easyprocess] version=0.2.3
[2018-08-16 15:23:26,504 DEBUG pyvirtualdisplay] version=0.2.1
[2018-08-16 15:23:26,506 DEBUG root] Loading class: 'FinalStatus' from <module 'bzt.modules.reporting' from '/usr/local/Cellar/bzt/1.11.1/libexec/lib/python2.7/site-packages/bzt/modules/reporting.pyc'>
[2018-08-16 15:23:26,506 DEBUG Engine] Module config: console defaultdict(None, {'class': 'bzt.modules.console.ConsoleStatusReporter'})
[2018-08-16 15:23:26,506 DEBUG root] Importing module: bzt.modules.console
[2018-08-16 15:23:26,506 DEBUG root] Loading class: 'ConsoleStatusReporter' from <module 'bzt.modules.console' from '/usr/local/Cellar/bzt/1.11.1/libexec/lib/python2.7/site-packages/bzt/modules/console.pyc'>
[2018-08-16 15:23:26,514 DEBUG Engine.Configuration] Dumping YAML config into /Users/panja09/OneDrive - CA Technologies/Taurus/2018-08-16_15-23-15.029857/effective.yml
[2018-08-16 15:23:26,533 DEBUG Engine.Configuration] Dumping JSON config into /Users/panja09/OneDrive - CA Technologies/Taurus/2018-08-16_15-23-15.029857/effective.json
[2018-08-16 15:23:26,534 INFO Engine] Starting...
[2018-08-16 15:23:26,534 DEBUG Engine] Startup <bzt.modules.monitoring.Monitoring object at 0x1048a8490>
[2018-08-16 15:23:26,535 DEBUG Engine] Startup <bzt.modules.aggregator.ConsolidatingAggregator object at 0x1048a8990>
[2018-08-16 15:23:26,535 DEBUG Engine] Startup <bzt.modules.reporting.FinalStatus object at 0x104877dd0>
[2018-08-16 15:23:26,535 DEBUG Engine] Startup <bzt.modules.console.ConsoleStatusReporter object at 0x1059bf910>
[2018-08-16 15:23:26,535 INFO Engine.console] Waiting for results...
[2018-08-16 15:23:26,535 DEBUG Engine] Startup <bzt.modules.provisioning.Local object at 0x104877090>
[2018-08-16 15:23:26,535 DEBUG Engine.local] Delay setup for None/blazedemo: 0(start-at) + 0(delay) = 0
[2018-08-16 15:23:26,538 DEBUG Engine.Configuration] Dumping YAML config into /Users/panja09/OneDrive - CA Technologies/Taurus/2018-08-16_15-23-15.029857/effective.yml
[2018-08-16 15:23:26,566 DEBUG Engine.Configuration] Dumping JSON config into /Users/panja09/OneDrive - CA Technologies/Taurus/2018-08-16_15-23-15.029857/effective.json
[2018-08-16 15:23:26,568 DEBUG root] Leveling down log file verbosity, use -v option to have DEBUG messages enabled
[2018-08-16 15:23:26,568 DEBUG root] Leveled up log file verbosity
[2018-08-16 15:23:26,569 DEBUG bzt.utils] Executing shell: ['/Users/panja09/.bzt/jmeter-taurus/4.0/bin/jmeter.sh', '-n', '-t', '/Users/panja09/OneDrive - CA Technologies/Taurus/2018-08-16_15-23-15.029857/modified_requests.jmx', '-j', '/Users/panja09/OneDrive - CA Technologies/Taurus/2018-08-16_15-23-15.029857/jmeter.log', '-q', '/Users/panja09/OneDrive - CA Technologies/Taurus/2018-08-16_15-23-15.029857/jmeter-bzt.properties', '-S', '/Users/panja09/OneDrive - CA Technologies/Taurus/2018-08-16_15-23-15.029857/system.properties'] at /Users/panja09/OneDrive - CA Technologies/Taurus
[2018-08-16 15:23:26,580 DEBUG root] Leveling down log file verbosity, use -v option to have DEBUG messages enabled
[2018-08-16 15:23:26,812 INFO Engine.console] Waiting for finish...
[2018-08-16 15:23:43,612 INFO Engine.jmeter.JTLReader] Changed data analysis delay to 3s
[2018-08-16 15:23:50,620 INFO Engine.jmeter.JTLReader] Changed data analysis delay to 2s
[2018-08-16 15:25:30,863 WARNING Engine] Please wait for graceful shutdown...
[2018-08-16 15:25:30,872 DEBUG root] Leveled up log file verbosity
[2018-08-16 15:25:30,872 INFO Engine] Shutting down...
[2018-08-16 15:25:30,882 DEBUG Engine] Current stop reason: None
[2018-08-16 15:25:30,883 DEBUG Engine.local] Shutdown None/blazedemo
[2018-08-16 15:25:30,883 DEBUG Engine.console] Restoring logging streams, [<logging.StreamHandler object at 0x10485b6d0>]/{<logging.StreamHandler object at 0x10485b6d0>: <open file '<stdout>', mode 'w' at 0x103251150>}
[2018-08-16 15:25:30,885 DEBUG Engine.Configuration] Dumping YAML config into /Users/panja09/OneDrive - CA Technologies/Taurus/2018-08-16_15-23-15.029857/effective.yml
[2018-08-16 15:25:30,917 DEBUG Engine.Configuration] Dumping JSON config into /Users/panja09/OneDrive - CA Technologies/Taurus/2018-08-16_15-23-15.029857/effective.json
[2018-08-16 15:25:30,918 INFO Engine] Post-processing...
[2018-08-16 15:25:30,918 DEBUG Engine.local] Post-process None/blazedemo
[2018-08-16 15:25:30,918 DEBUG Engine] Add existing artifact (move=True): /Users/panja09/OneDrive - CA Technologies/Taurus/2018-08-16_15-23-15.029857/modified_requests.jmx
[2018-08-16 15:25:30,918 DEBUG Engine] No need to copy /Users/panja09/OneDrive - CA Technologies/Taurus/2018-08-16_15-23-15.029857/modified_requests.jmx
[2018-08-16 15:25:30,919 DEBUG Engine.jmeter.JTLErrorsReader.FileReader] Reading: /Users/panja09/OneDrive - CA Technologies/Taurus/2018-08-16_15-23-15.029857/error.jtl
[2018-08-16 15:25:30,919 DEBUG Engine.jmeter.JTLReader.IncrementalCSVReader.FileReader] Reading: /Users/panja09/OneDrive - CA Technologies/Taurus/2018-08-16_15-23-15.029857/kpi.jtl
[2018-08-16 15:25:30,919 DEBUG Engine.jmeter.JTLReader] Buffer len: 2
[2018-08-16 15:25:30,919 DEBUG Engine.jmeter.JTLReader] Aggregating: 1534451128
[2018-08-16 15:25:30,936 DEBUG Engine.jmeter.JTLReader] Aggregating: 1534451129
[2018-08-16 15:25:30,952 DEBUG Engine.consolidator] Consolidator buffer[4]: [1534451126, 1534451127, 1534451128, 1534451129]
[2018-08-16 15:25:30,952 DEBUG Engine.consolidator] Merging into 1534451126
[2018-08-16 15:25:30,952 DEBUG Engine.consolidator] Merging 1534451126
[2018-08-16 15:25:30,984 DEBUG Engine.consolidator] Processed datapoint: 1534451126/None
[2018-08-16 15:25:30,984 DEBUG Engine.consolidator] Merging into 1534451127
[2018-08-16 15:25:30,984 DEBUG Engine.consolidator] Merging 1534451127
[2018-08-16 15:25:31,017 DEBUG Engine.consolidator] Processed datapoint: 1534451127/None
[2018-08-16 15:25:31,017 DEBUG Engine.consolidator] Merging into 1534451128
[2018-08-16 15:25:31,017 DEBUG Engine.consolidator] Merging 1534451128
[2018-08-16 15:25:31,039 DEBUG Engine.consolidator] Processed datapoint: 1534451128/None
[2018-08-16 15:25:31,039 DEBUG Engine.consolidator] Merging into 1534451129
[2018-08-16 15:25:31,039 DEBUG Engine.consolidator] Merging 1534451129
[2018-08-16 15:25:31,058 DEBUG Engine.consolidator] Processed datapoint: 1534451129/None
[2018-08-16 15:25:31,058 INFO Engine.final-stats] Test duration: 0:02:04
[2018-08-16 15:25:31,058 INFO Engine.final-stats] Samples count: 1323, 0.00% failures
[2018-08-16 15:25:31,058 INFO Engine.final-stats] Average times: total 0.683, latency 0.140, connect 0.003
[2018-08-16 15:25:31,059 INFO Engine.final-stats] Percentile 0.0%: 0.396
[2018-08-16 15:25:31,059 INFO Engine.final-stats] Percentile 50.0%: 0.675
[2018-08-16 15:25:31,059 INFO Engine.final-stats] Percentile 90.0%: 0.808
[2018-08-16 15:25:31,059 INFO Engine.final-stats] Percentile 95.0%: 0.917
[2018-08-16 15:25:31,059 INFO Engine.final-stats] Percentile 99.0%: 1.459
[2018-08-16 15:25:31,059 INFO Engine.final-stats] Percentile 99.9%: 2.053
[2018-08-16 15:25:31,059 INFO Engine.final-stats] Percentile 100.0%: 2.639
[2018-08-16 15:25:31,059 DEBUG Engine.console] No logger_handler or orig_stream was detected
[2018-08-16 15:25:31,061 DEBUG Engine.Configuration] Dumping YAML config into /Users/panja09/OneDrive - CA Technologies/Taurus/2018-08-16_15-23-15.029857/effective.yml
[2018-08-16 15:25:31,081 DEBUG Engine.Configuration] Dumping JSON config into /Users/panja09/OneDrive - CA Technologies/Taurus/2018-08-16_15-23-15.029857/effective.json
[2018-08-16 15:25:31,082 INFO root] Artifacts dir: /Users/panja09/OneDrive - CA Technologies/Taurus/2018-08-16_15-23-15.029857
[2018-08-16 15:25:31,082 INFO root] Done performing with code: 0
[2018-08-16 15:25:31,083 DEBUG root] Closing log handler: /Users/panja09/OneDrive - CA Technologies/Taurus/2018-08-16_15-23-15.029857/bzt.log
