2018-08-16 15:23:27,843 INFO o.a.j.u.JMeterUtils: Setting Locale to en_US
2018-08-16 15:23:27,866 INFO o.a.j.JMeter: Loading user properties from: /Users/panja09/.bzt/jmeter-taurus/4.0/bin/user.properties
2018-08-16 15:23:27,867 INFO o.a.j.JMeter: Loading system properties from: /Users/panja09/.bzt/jmeter-taurus/4.0/bin/system.properties
2018-08-16 15:23:27,867 INFO o.a.j.JMeter: Setting System properties from file: /Users/panja09/OneDrive - CA Technologies/Taurus/2018-08-16_15-23-15.029857/system.properties
2018-08-16 15:23:27,873 INFO o.a.j.JMeter: Copyright (c) 1998-2018 The Apache Software Foundation
2018-08-16 15:23:27,873 INFO o.a.j.JMeter: Version 4.0 r1823414
2018-08-16 15:23:27,873 INFO o.a.j.JMeter: java.version=1.8.0_151
2018-08-16 15:23:27,873 INFO o.a.j.JMeter: java.vm.name=Java HotSpot(TM) 64-Bit Server VM
2018-08-16 15:23:27,873 INFO o.a.j.JMeter: os.name=Mac OS X
2018-08-16 15:23:27,873 INFO o.a.j.JMeter: os.arch=x86_64
2018-08-16 15:23:27,873 INFO o.a.j.JMeter: os.version=10.13.6
2018-08-16 15:23:27,873 INFO o.a.j.JMeter: file.encoding=UTF-8
2018-08-16 15:23:27,873 INFO o.a.j.JMeter: Max memory     =3817865216
2018-08-16 15:23:27,873 INFO o.a.j.JMeter: Available Processors =4
2018-08-16 15:23:27,877 INFO o.a.j.JMeter: Default Locale=English (United States)
2018-08-16 15:23:27,877 INFO o.a.j.JMeter: JMeter  Locale=English (United States)
2018-08-16 15:23:27,877 INFO o.a.j.JMeter: JMeterHome=/Users/panja09/.bzt/jmeter-taurus/4.0
2018-08-16 15:23:27,877 INFO o.a.j.JMeter: user.dir  =/Users/panja09/OneDrive - CA Technologies/Taurus
2018-08-16 15:23:27,877 INFO o.a.j.JMeter: PWD       =/Users/panja09/OneDrive - CA Technologies/Taurus
2018-08-16 15:23:27,879 INFO o.a.j.JMeter: IP: 10.137.163.51 Name: panja09mac131 FullName: panja09mac131.ca.com
2018-08-16 15:23:27,880 INFO o.a.j.JMeter: user.classpath=/Users/panja09/OneDrive - CA Technologies/Taurus/2018-08-16_15-23-15.029857:/Users/panja09/OneDrive - CA Technologies/Taurus/2018-08-16_15-23-15.029857
2018-08-16 15:23:27,880 INFO o.a.j.JMeter: Adding to classpath and loader: /Users/panja09/OneDrive - CA Technologies/Taurus/2018-08-16_15-23-15.029857
2018-08-16 15:23:27,881 INFO o.a.j.JMeter: Adding to classpath and loader: /Users/panja09/OneDrive - CA Technologies/Taurus/2018-08-16_15-23-15.029857
2018-08-16 15:23:27,884 INFO o.a.j.s.FileServer: Default base='/Users/panja09/OneDrive - CA Technologies/Taurus'
2018-08-16 15:23:27,894 INFO o.a.j.s.FileServer: Set new base='/Users/panja09/OneDrive - CA Technologies/Taurus/2018-08-16_15-23-15.029857'
2018-08-16 15:23:28,037 INFO o.a.j.s.SaveService: Testplan (JMX) version: 2.2. Testlog (JTL) version: 2.2
2018-08-16 15:23:28,059 INFO o.a.j.s.SaveService: Using SaveService properties file encoding UTF-8
2018-08-16 15:23:28,063 INFO o.a.j.s.SaveService: Using SaveService properties version 4.0
2018-08-16 15:23:28,068 INFO o.a.j.s.SaveService: Loading file: /Users/panja09/OneDrive - CA Technologies/Taurus/2018-08-16_15-23-15.029857/modified_requests.jmx
2018-08-16 15:23:28,167 INFO o.a.j.p.h.c.CacheManager: Will only cache the following methods: [GET]
2018-08-16 15:23:28,169 INFO o.a.j.p.h.c.CookieManager: Settings: Delete null: true Check: true Allow variable: true Save: false Prefix: COOKIE_
2018-08-16 15:23:28,184 INFO o.a.j.p.h.s.HTTPSamplerBase: Parser for text/html is org.apache.jmeter.protocol.http.parser.LagartoBasedHtmlParser
2018-08-16 15:23:28,184 INFO o.a.j.p.h.s.HTTPSamplerBase: Parser for application/xhtml+xml is org.apache.jmeter.protocol.http.parser.LagartoBasedHtmlParser
2018-08-16 15:23:28,184 INFO o.a.j.p.h.s.HTTPSamplerBase: Parser for application/xml is org.apache.jmeter.protocol.http.parser.LagartoBasedHtmlParser
2018-08-16 15:23:28,184 INFO o.a.j.p.h.s.HTTPSamplerBase: Parser for text/xml is org.apache.jmeter.protocol.http.parser.LagartoBasedHtmlParser
2018-08-16 15:23:28,184 INFO o.a.j.p.h.s.HTTPSamplerBase: Parser for text/vnd.wap.wml is org.apache.jmeter.protocol.http.parser.RegexpHTMLParser
2018-08-16 15:23:28,184 INFO o.a.j.p.h.s.HTTPSamplerBase: Parser for text/css is org.apache.jmeter.protocol.http.parser.CssParser
2018-08-16 15:23:28,209 INFO o.a.j.e.StandardJMeterEngine: Running the test!
2018-08-16 15:23:28,210 INFO o.a.j.s.SampleEvent: List of sample_variables: []
2018-08-16 15:23:28,210 INFO o.a.j.s.SampleEvent: List of sample_variables: []
2018-08-16 15:23:28,215 INFO o.a.j.e.u.CompoundVariable: Note: Function class names must contain the string: '.functions.'
2018-08-16 15:23:28,216 INFO o.a.j.e.u.CompoundVariable: Note: Function class names must not contain the string: '.gui.'
2018-08-16 15:23:28,832 INFO o.a.j.JMeter: Running test (1534451008832)
2018-08-16 15:23:28,880 INFO o.a.j.e.StandardJMeterEngine: Starting ThreadGroup: 1 : blazedemo
2018-08-16 15:23:28,881 INFO o.a.j.e.StandardJMeterEngine: Starting 10 threads for group blazedemo.
2018-08-16 15:23:28,881 INFO o.a.j.e.StandardJMeterEngine: Thread will continue on error
2018-08-16 15:23:28,885 INFO c.b.j.t.c.ConcurrencyThreadStarter: Start supplying threads
2018-08-16 15:23:28,886 INFO o.a.j.e.StandardJMeterEngine: All thread groups have been started
2018-08-16 15:23:31,889 INFO o.a.j.s.SampleResult: Note: Sample TimeStamps are START times
2018-08-16 15:23:31,890 INFO o.a.j.s.SampleResult: sampleresult.default.encoding is set to UTF-8
2018-08-16 15:23:31,889 INFO o.a.j.t.JMeterThread: Thread started: blazedemo 1-1
2018-08-16 15:23:31,890 INFO o.a.j.s.SampleResult: sampleresult.useNanoTime=true
2018-08-16 15:23:31,890 INFO o.a.j.s.SampleResult: sampleresult.nanoThreadSleep=5000
2018-08-16 15:23:31,906 INFO o.a.j.p.h.s.HTTPHCAbstractImpl: Local host = panja09mac131
2018-08-16 15:23:31,911 INFO o.a.j.p.h.s.HTTPHC4Impl: HTTP request retry count = 0
2018-08-16 15:23:32,399 INFO o.a.j.p.h.p.BaseParser: Created org.apache.jmeter.protocol.http.parser.LagartoBasedHtmlParser
2018-08-16 15:23:32,437 INFO o.a.j.p.h.s.ResourcesDownloader: Creating ResourcesDownloader with keepalive_inseconds : 60
2018-08-16 15:23:33,009 INFO o.a.j.p.h.p.BaseParser: Created org.apache.jmeter.protocol.http.parser.CssParser
2018-08-16 15:23:37,908 INFO o.a.j.t.JMeterThread: Thread started: blazedemo 1-2
2018-08-16 15:23:43,914 INFO o.a.j.t.JMeterThread: Thread started: blazedemo 1-3
2018-08-16 15:23:49,932 INFO o.a.j.t.JMeterThread: Thread started: blazedemo 1-4
2018-08-16 15:23:55,949 INFO o.a.j.t.JMeterThread: Thread started: blazedemo 1-5
2018-08-16 15:24:01,963 INFO o.a.j.t.JMeterThread: Thread started: blazedemo 1-6
2018-08-16 15:24:07,979 INFO o.a.j.t.JMeterThread: Thread started: blazedemo 1-7
2018-08-16 15:24:13,992 INFO o.a.j.t.JMeterThread: Thread started: blazedemo 1-8
2018-08-16 15:24:20,003 INFO o.a.j.t.JMeterThread: Thread started: blazedemo 1-9
2018-08-16 15:24:26,011 INFO o.a.j.t.JMeterThread: Thread started: blazedemo 1-10
2018-08-16 15:25:29,195 INFO c.b.j.t.c.ConcurrencyThreadStarter: Done supplying threads
2018-08-16 15:25:29,334 INFO o.a.j.t.JMeterThread: Thread is done: blazedemo 1-1
2018-08-16 15:25:29,334 INFO o.a.j.t.JMeterThread: Thread finished: blazedemo 1-1
2018-08-16 15:25:29,415 INFO o.a.j.t.JMeterThread: Thread is done: blazedemo 1-6
2018-08-16 15:25:29,415 INFO o.a.j.t.JMeterThread: Thread finished: blazedemo 1-6
2018-08-16 15:25:29,562 INFO o.a.j.t.JMeterThread: Thread is done: blazedemo 1-3
2018-08-16 15:25:29,562 INFO o.a.j.t.JMeterThread: Thread finished: blazedemo 1-3
2018-08-16 15:25:29,568 INFO o.a.j.t.JMeterThread: Thread is done: blazedemo 1-4
2018-08-16 15:25:29,568 INFO o.a.j.t.JMeterThread: Thread finished: blazedemo 1-4
2018-08-16 15:25:29,583 INFO o.a.j.t.JMeterThread: Thread is done: blazedemo 1-8
2018-08-16 15:25:29,583 INFO o.a.j.t.JMeterThread: Thread finished: blazedemo 1-8
2018-08-16 15:25:29,635 INFO o.a.j.t.JMeterThread: Thread is done: blazedemo 1-9
2018-08-16 15:25:29,636 INFO o.a.j.t.JMeterThread: Thread finished: blazedemo 1-9
2018-08-16 15:25:29,641 INFO o.a.j.t.JMeterThread: Thread is done: blazedemo 1-2
2018-08-16 15:25:29,641 INFO o.a.j.t.JMeterThread: Thread finished: blazedemo 1-2
2018-08-16 15:25:29,647 INFO o.a.j.t.JMeterThread: Thread is done: blazedemo 1-7
2018-08-16 15:25:29,647 INFO o.a.j.t.JMeterThread: Thread finished: blazedemo 1-7
2018-08-16 15:25:29,676 INFO o.a.j.t.JMeterThread: Thread is done: blazedemo 1-10
2018-08-16 15:25:29,676 INFO o.a.j.t.JMeterThread: Thread finished: blazedemo 1-10
2018-08-16 15:25:29,733 INFO o.a.j.t.JMeterThread: Thread is done: blazedemo 1-5
2018-08-16 15:25:29,733 INFO o.a.j.t.JMeterThread: Thread finished: blazedemo 1-5
2018-08-16 15:25:29,733 INFO o.a.j.e.StandardJMeterEngine: Notifying test listeners of end of test
2018-08-16 15:25:29,735 INFO o.a.j.e.StandardJMeterEngine: Forced JVM shutdown requested at end of test
